{
  "stats": {
    "suites": 1,
    "tests": 2,
    "passes": 0,
    "pending": 0,
    "failures": 2,
    "start": "2022-08-08T21:52:20.493Z",
    "end": "2022-08-08T21:52:41.784Z",
    "duration": 21291,
    "testsRegistered": 2,
    "passPercent": 0,
    "pendingPercent": 0,
    "other": 0,
    "hasOther": false,
    "skipped": 0,
    "hasSkipped": false
  },
  "results": [
    {
      "uuid": "20b196a1-16f9-4d5b-a9e0-723c0c5d5cbf",
      "title": "",
      "fullFile": "cypress/integration/04.multipleFilters_spec.js",
      "file": "cypress/integration/04.multipleFilters_spec.js",
      "beforeHooks": [],
      "afterHooks": [],
      "tests": [],
      "suites": [
        {
          "uuid": "c3692d50-00fa-4466-a458-0c956121cc38",
          "title": "4 - Implemente múltiplos filtros numéricos",
          "fullFile": "",
          "file": "",
          "beforeHooks": [],
          "afterHooks": [],
          "tests": [
            {
              "title": "Adicione dois filtros e verifique se a tabela foi atualizada com as informações filtradas",
              "fullTitle": "4 - Implemente múltiplos filtros numéricos Adicione dois filtros e verifique se a tabela foi atualizada com as informações filtradas",
              "timedOut": null,
              "duration": 10315,
              "state": "failed",
              "speed": null,
              "pass": false,
              "fail": true,
              "pending": false,
              "context": null,
              "code": "cy.get('table tr').should('have.length', ROWS_TOTAL);\ncy.addFilter('diameter', 'maior que', '9000');\ncy.get('table tr').should('have.length', FILTERED_ROWS);\ncy.addFilter('population', 'menor que', '1000000');\ncy.get('table tr').should('have.length', DOUBLE_FILTERED_ROWS);",
              "err": {
                "message": "AssertionError: Timed out retrying after 10000ms: Expected to find element: `[data-testid=\"comparison-filter\"]`, but never found it.",
                "estack": "AssertionError: Timed out retrying after 10000ms: Expected to find element: `[data-testid=\"comparison-filter\"]`, but never found it.\n    at Context.eval (http://localhost:3000/__cypress/tests?p=cypress/support/index.js:131:63)",
                "diff": null
              },
              "uuid": "6cd77ab0-0f5b-4bc6-98a8-30bb4ab9f64d",
              "parentUUID": "c3692d50-00fa-4466-a458-0c956121cc38",
              "isHook": false,
              "skipped": false
            },
            {
              "title": "Adicione três filtros e verifique se a tabela foi atualizada com as informações filtradas",
              "fullTitle": "4 - Implemente múltiplos filtros numéricos Adicione três filtros e verifique se a tabela foi atualizada com as informações filtradas",
              "timedOut": null,
              "duration": 10114,
              "state": "failed",
              "speed": null,
              "pass": false,
              "fail": true,
              "pending": false,
              "context": null,
              "code": "cy.get('table tr').should('have.length', ROWS_TOTAL);\ncy.addFilter('diameter', 'maior que', '9000');\ncy.get('table tr').should('have.length', FILTERED_ROWS);\ncy.addFilter('population', 'menor que', '1000000');\ncy.get('table tr').should('have.length', DOUBLE_FILTERED_ROWS);\ncy.addFilter('rotation_period', 'igual a', '23');\ncy.get('table tr').should('have.length', TRIPLE_FILTERED_ROWS);",
              "err": {
                "message": "AssertionError: Timed out retrying after 10000ms: Expected to find element: `[data-testid=\"comparison-filter\"]`, but never found it.",
                "estack": "AssertionError: Timed out retrying after 10000ms: Expected to find element: `[data-testid=\"comparison-filter\"]`, but never found it.\n    at Context.eval (http://localhost:3000/__cypress/tests?p=cypress/support/index.js:131:63)",
                "diff": null
              },
              "uuid": "8773e5a6-eafa-424e-9783-404d8ce523d9",
              "parentUUID": "c3692d50-00fa-4466-a458-0c956121cc38",
              "isHook": false,
              "skipped": false
            }
          ],
          "suites": [],
          "passes": [],
          "failures": [
            "6cd77ab0-0f5b-4bc6-98a8-30bb4ab9f64d",
            "8773e5a6-eafa-424e-9783-404d8ce523d9"
          ],
          "pending": [],
          "skipped": [],
          "duration": 20429,
          "root": false,
          "rootEmpty": false,
          "_timeout": 2000
        }
      ],
      "passes": [],
      "failures": [],
      "pending": [],
      "skipped": [],
      "duration": 0,
      "root": true,
      "rootEmpty": true,
      "_timeout": 2000
    }
  ],
  "meta": {
    "mocha": {
      "version": "7.0.1"
    },
    "mochawesome": {
      "options": {
        "quiet": false,
        "reportFilename": "mochawesome",
        "saveHtml": false,
        "saveJson": true,
        "consoleReporter": "spec",
        "useInlineDiffs": false,
        "code": true
      },
      "version": "7.1.3"
    },
    "marge": {
      "options": {
        "id": "default",
        "reportDir": "cypress/reports",
        "overwrite": false,
        "html": false,
        "json": true
      },
      "version": "6.2.0"
    }
  }
}