{
  "stats": {
    "suites": 1,
    "tests": 1,
    "passes": 0,
    "pending": 0,
    "failures": 1,
    "start": "2022-08-06T13:44:52.264Z",
    "end": "2022-08-06T13:45:22.436Z",
    "duration": 30172,
    "testsRegistered": 2,
    "passPercent": 0,
    "pendingPercent": 0,
    "other": 0,
    "hasOther": false,
    "skipped": 1,
    "hasSkipped": true
  },
  "results": [
    {
      "uuid": "97dd725d-ea6e-468b-a306-df3a6d2f2b8c",
      "title": "",
      "fullFile": "cypress/integration/04.multipleFilters_spec.js",
      "file": "cypress/integration/04.multipleFilters_spec.js",
      "beforeHooks": [],
      "afterHooks": [],
      "tests": [],
      "suites": [
        {
          "uuid": "77b502e6-d8fa-4949-b898-885aa312c4ba",
          "title": "4 - Implemente múltiplos filtros numéricos",
          "fullFile": "",
          "file": "",
          "beforeHooks": [],
          "afterHooks": [],
          "tests": [
            {
              "title": "Adicione dois filtros e verifique se a tabela foi atualizada com as informações filtradas",
              "fullTitle": "4 - Implemente múltiplos filtros numéricos Adicione dois filtros e verifique se a tabela foi atualizada com as informações filtradas",
              "timedOut": null,
              "duration": 30116,
              "state": "failed",
              "speed": null,
              "pass": false,
              "fail": true,
              "pending": false,
              "context": null,
              "code": "cy.get('table tr').should('have.length', ROWS_TOTAL);\ncy.addFilter('diameter', 'maior que', '9000');\ncy.get('table tr').should('have.length', FILTERED_ROWS);\ncy.addFilter('population', 'menor que', '1000000');\ncy.get('table tr').should('have.length', DOUBLE_FILTERED_ROWS);",
              "err": {
                "message": "CypressError: `cy.visit()` failed trying to load:\n\nhttp://localhost:3000/\n\nWe attempted to make an http request to this URL but the request failed without a response.\n\nWe received this error at the network level:\n\n  > Error: ESOCKETTIMEDOUT\n\nCommon situations why this would fail:\n  - you don't have internet access\n  - you forgot to run / boot your web server\n  - your web server isn't accessible\n  - you have weird network configuration settings on your computer\n\nBecause this error occurred during a `before each` hook we are skipping the remaining tests in the current suite: `4 - Implemente múltiplos fi...`",
                "estack": "CypressError: `cy.visit()` failed trying to load:\n\nhttp://localhost:3000/\n\nWe attempted to make an http request to this URL but the request failed without a response.\n\nWe received this error at the network level:\n\n  > Error: ESOCKETTIMEDOUT\n\nCommon situations why this would fail:\n  - you don't have internet access\n  - you forgot to run / boot your web server\n  - your web server isn't accessible\n  - you have weird network configuration settings on your computer\n\nBecause this error occurred during a `before each` hook we are skipping the remaining tests in the current suite: `4 - Implemente múltiplos fi...`\n    at http://localhost:39719/__cypress/runner/cypress_runner.js:163608:82\n    at visitFailedByErr (http://localhost:39719/__cypress/runner/cypress_runner.js:162912:12)\n    at http://localhost:39719/__cypress/runner/cypress_runner.js:163607:11\n    at tryCatcher (http://localhost:39719/__cypress/runner/cypress_runner.js:13022:23)\n    at Promise._settlePromiseFromHandler (http://localhost:39719/__cypress/runner/cypress_runner.js:10957:31)\n    at Promise._settlePromise (http://localhost:39719/__cypress/runner/cypress_runner.js:11014:18)\n    at Promise._settlePromise0 (http://localhost:39719/__cypress/runner/cypress_runner.js:11059:10)\n    at Promise._settlePromises (http://localhost:39719/__cypress/runner/cypress_runner.js:11135:18)\n    at _drainQueueStep (http://localhost:39719/__cypress/runner/cypress_runner.js:7729:12)\n    at _drainQueue (http://localhost:39719/__cypress/runner/cypress_runner.js:7722:9)\n    at Async.../../node_modules/bluebird/js/release/async.js.Async._drainQueues (http://localhost:39719/__cypress/runner/cypress_runner.js:7738:5)\n    at Async.drainQueues (http://localhost:39719/__cypress/runner/cypress_runner.js:7608:14)\nFrom Your Spec Code:\n    at Context.eval (http://localhost:39719/__cypress/tests?p=cypress/integration/04.multipleFilters_spec.js:130:8)\n\nFrom Node.js Internals:\n  Error: ESOCKETTIMEDOUT\n      at ClientRequest.<anonymous> (/home/myrella/.cache/Cypress/9.7.0/Cypress/resources/app/node_modules/@cypress/request/request.js:808:19)\n      at Object.onceWrapper (node:events:509:28)\n      at ClientRequest.emit (node:events:390:28)\n      at Socket.emitRequestTimeout (node:_http_client:763:9)\n      at Object.onceWrapper (node:events:509:28)\n      at Socket.emit (node:events:402:35)\n      at Socket._onTimeout (node:net:501:8)\n      at listOnTimeout (node:internal/timers:557:17)\n      at processTimers (node:internal/timers:500:7)\n  ",
                "diff": null
              },
              "uuid": "d01b1b85-2be2-4234-8cd4-3b0236f96637",
              "parentUUID": "77b502e6-d8fa-4949-b898-885aa312c4ba",
              "isHook": false,
              "skipped": false
            },
            {
              "title": "Adicione três filtros e verifique se a tabela foi atualizada com as informações filtradas",
              "fullTitle": "4 - Implemente múltiplos filtros numéricos Adicione três filtros e verifique se a tabela foi atualizada com as informações filtradas",
              "timedOut": null,
              "duration": 0,
              "state": "skipped",
              "speed": null,
              "pass": false,
              "fail": false,
              "pending": false,
              "context": null,
              "code": "cy.get('table tr').should('have.length', ROWS_TOTAL);\ncy.addFilter('diameter', 'maior que', '9000');\ncy.get('table tr').should('have.length', FILTERED_ROWS);\ncy.addFilter('population', 'menor que', '1000000');\ncy.get('table tr').should('have.length', DOUBLE_FILTERED_ROWS);\ncy.addFilter('rotation_period', 'igual a', '23');\ncy.get('table tr').should('have.length', TRIPLE_FILTERED_ROWS);",
              "err": {},
              "uuid": "6c211822-bce0-4dfe-ab47-c7b9e6c468c0",
              "parentUUID": "77b502e6-d8fa-4949-b898-885aa312c4ba",
              "isHook": false,
              "skipped": true
            }
          ],
          "suites": [],
          "passes": [],
          "failures": [
            "d01b1b85-2be2-4234-8cd4-3b0236f96637"
          ],
          "pending": [],
          "skipped": [
            "6c211822-bce0-4dfe-ab47-c7b9e6c468c0"
          ],
          "duration": 30116,
          "root": false,
          "rootEmpty": false,
          "_timeout": 2000
        }
      ],
      "passes": [],
      "failures": [],
      "pending": [],
      "skipped": [],
      "duration": 0,
      "root": true,
      "rootEmpty": true,
      "_timeout": 2000
    }
  ],
  "meta": {
    "mocha": {
      "version": "7.0.1"
    },
    "mochawesome": {
      "options": {
        "quiet": false,
        "reportFilename": "mochawesome",
        "saveHtml": false,
        "saveJson": true,
        "consoleReporter": "spec",
        "useInlineDiffs": false,
        "code": true
      },
      "version": "7.1.3"
    },
    "marge": {
      "options": {
        "id": "default",
        "reportDir": "cypress/reports",
        "overwrite": false,
        "html": false,
        "json": true
      },
      "version": "6.2.0"
    }
  }
}