{
  "stats": {
    "suites": 1,
    "tests": 4,
    "passes": 0,
    "pending": 0,
    "failures": 4,
    "start": "2022-08-10T10:43:24.640Z",
    "end": "2022-08-10T10:44:06.212Z",
    "duration": 41572,
    "testsRegistered": 4,
    "passPercent": 0,
    "pendingPercent": 0,
    "other": 0,
    "hasOther": false,
    "skipped": 0,
    "hasSkipped": false
  },
  "results": [
    {
      "uuid": "6a86f6b8-8347-46bf-96e5-317dc639af69",
      "title": "",
      "fullFile": "cypress/integration/09.sortPlanets_spec.js",
      "file": "cypress/integration/09.sortPlanets_spec.js",
      "beforeHooks": [],
      "afterHooks": [],
      "tests": [],
      "suites": [
        {
          "uuid": "7c7f7f0a-4449-4a55-834b-f89c806113ca",
          "title": "9 - Ordene as colunas de forma ascendente ou descendente",
          "fullFile": "",
          "file": "",
          "beforeHooks": [],
          "afterHooks": [],
          "tests": [
            {
              "title": "Verifique a ordenação inicial",
              "fullTitle": "9 - Ordene as colunas de forma ascendente ou descendente Verifique a ordenação inicial",
              "timedOut": null,
              "duration": 10305,
              "state": "failed",
              "speed": null,
              "pass": false,
              "fail": true,
              "pending": false,
              "context": null,
              "code": "const expectedPlanets = ['Alderaan', 'Bespin', 'Coruscant', 'Dagobah', 'Endor', 'Hoth', 'Kamino', 'Naboo', 'Tatooine', 'Yavin IV'];\ncy.getByTestId(_dataTestIds.PLANET_NAME).each((el, index) => {\n  expect(el).to.contain(expectedPlanets[index]);\n});",
              "err": {
                "message": "AssertionError: Timed out retrying after 10000ms: Expected to find element: `[data-testid=\"planet-name\"]`, but never found it.",
                "estack": "AssertionError: Timed out retrying after 10000ms: Expected to find element: `[data-testid=\"planet-name\"]`, but never found it.\n    at Context.eval (http://localhost:3000/__cypress/tests?p=cypress/support/index.js:131:63)",
                "diff": null
              },
              "uuid": "a031ba73-84e8-4bda-8d6c-385bdfb79d4f",
              "parentUUID": "7c7f7f0a-4449-4a55-834b-f89c806113ca",
              "isHook": false,
              "skipped": false
            },
            {
              "title": "Ordene os planetas do maior período orbital para o menor período orbital",
              "fullTitle": "9 - Ordene as colunas de forma ascendente ou descendente Ordene os planetas do maior período orbital para o menor período orbital",
              "timedOut": null,
              "duration": 10125,
              "state": "failed",
              "speed": null,
              "pass": false,
              "fail": true,
              "pending": false,
              "context": null,
              "code": "sortByColumn('orbital_period', 'desc');\nconst expectedPlanets = ['Bespin', 'Yavin IV', 'Hoth', 'Kamino', 'Endor', 'Coruscant', 'Alderaan', 'Dagobah', 'Naboo', 'Tatooine'];\ncy.getByTestId(_dataTestIds.PLANET_NAME).each((el, index) => {\n  expect(el).to.contain(expectedPlanets[index]);\n});",
              "err": {
                "message": "AssertionError: Timed out retrying after 10000ms: Expected to find element: `[data-testid=\"column-sort\"]`, but never found it.",
                "estack": "AssertionError: Timed out retrying after 10000ms: Expected to find element: `[data-testid=\"column-sort\"]`, but never found it.\n    at Context.eval (http://localhost:3000/__cypress/tests?p=cypress/support/index.js:131:63)",
                "diff": null
              },
              "uuid": "297c0a51-84e5-49fc-a014-1a092339473b",
              "parentUUID": "7c7f7f0a-4449-4a55-834b-f89c806113ca",
              "isHook": false,
              "skipped": false
            },
            {
              "title": "Ordene os planetas do menor diâmetro para o maior diâmetro",
              "fullTitle": "9 - Ordene as colunas de forma ascendente ou descendente Ordene os planetas do menor diâmetro para o maior diâmetro",
              "timedOut": null,
              "duration": 10074,
              "state": "failed",
              "speed": null,
              "pass": false,
              "fail": true,
              "pending": false,
              "context": null,
              "code": "sortByColumn('diameter', 'asc');\nconst expectedPlanets = ['Endor', 'Hoth', 'Dagobah', 'Yavin IV', 'Tatooine', 'Naboo', 'Coruscant', 'Alderaan', 'Kamino', 'Bespin'];\ncy.getByTestId(_dataTestIds.PLANET_NAME).each((el, index) => {\n  expect(el).to.contain(expectedPlanets[index]);\n});",
              "err": {
                "message": "AssertionError: Timed out retrying after 10000ms: Expected to find element: `[data-testid=\"column-sort\"]`, but never found it.",
                "estack": "AssertionError: Timed out retrying after 10000ms: Expected to find element: `[data-testid=\"column-sort\"]`, but never found it.\n    at Context.eval (http://localhost:3000/__cypress/tests?p=cypress/support/index.js:131:63)",
                "diff": null
              },
              "uuid": "8042ea7b-e802-45a0-ae91-d0368c70040a",
              "parentUUID": "7c7f7f0a-4449-4a55-834b-f89c806113ca",
              "isHook": false,
              "skipped": false
            },
            {
              "title": "Ordene os planetas do menos populoso para o mais populoso",
              "fullTitle": "9 - Ordene as colunas de forma ascendente ou descendente Ordene os planetas do menos populoso para o mais populoso",
              "timedOut": null,
              "duration": 10074,
              "state": "failed",
              "speed": null,
              "pass": false,
              "fail": true,
              "pending": false,
              "context": null,
              "code": "sortByColumn('population', 'desc');\nconst expectedPlanets = ['Coruscant', 'Naboo', 'Alderaan', 'Kamino', 'Endor', 'Bespin', 'Tatooine', 'Yavin IV'];\nconst expectedPlanetsWithUnknownValues = ['Dagobah', 'Hoth'];\ncy.getByTestId(_dataTestIds.PLANET_NAME).each((el, index) => {\n  if (expectedPlanets[index]) {\n    expect(el).to.contain(expectedPlanets[index]);\n  } else {\n    expect(el.text()).to.be.oneOf(expectedPlanetsWithUnknownValues);\n  }\n});",
              "err": {
                "message": "AssertionError: Timed out retrying after 10000ms: Expected to find element: `[data-testid=\"column-sort\"]`, but never found it.",
                "estack": "AssertionError: Timed out retrying after 10000ms: Expected to find element: `[data-testid=\"column-sort\"]`, but never found it.\n    at Context.eval (http://localhost:3000/__cypress/tests?p=cypress/support/index.js:131:63)",
                "diff": null
              },
              "uuid": "1bc2a776-7fa0-4e5d-8db5-aa7e9e9a0ed4",
              "parentUUID": "7c7f7f0a-4449-4a55-834b-f89c806113ca",
              "isHook": false,
              "skipped": false
            }
          ],
          "suites": [],
          "passes": [],
          "failures": [
            "a031ba73-84e8-4bda-8d6c-385bdfb79d4f",
            "297c0a51-84e5-49fc-a014-1a092339473b",
            "8042ea7b-e802-45a0-ae91-d0368c70040a",
            "1bc2a776-7fa0-4e5d-8db5-aa7e9e9a0ed4"
          ],
          "pending": [],
          "skipped": [],
          "duration": 40578,
          "root": false,
          "rootEmpty": false,
          "_timeout": 2000
        }
      ],
      "passes": [],
      "failures": [],
      "pending": [],
      "skipped": [],
      "duration": 0,
      "root": true,
      "rootEmpty": true,
      "_timeout": 2000
    }
  ],
  "meta": {
    "mocha": {
      "version": "7.0.1"
    },
    "mochawesome": {
      "options": {
        "quiet": false,
        "reportFilename": "mochawesome",
        "saveHtml": false,
        "saveJson": true,
        "consoleReporter": "spec",
        "useInlineDiffs": false,
        "code": true
      },
      "version": "7.1.3"
    },
    "marge": {
      "options": {
        "id": "default",
        "reportDir": "cypress/reports",
        "overwrite": false,
        "html": false,
        "json": true
      },
      "version": "6.2.0"
    }
  }
}