{
  "stats": {
    "suites": 1,
    "tests": 9,
    "passes": 9,
    "pending": 0,
    "failures": 0,
    "start": "2022-08-10T10:59:39.916Z",
    "end": "2022-08-10T10:59:44.168Z",
    "duration": 4252,
    "testsRegistered": 9,
    "passPercent": 100,
    "pendingPercent": 0,
    "other": 0,
    "hasOther": false,
    "skipped": 0,
    "hasSkipped": false
  },
  "results": [
    {
      "uuid": "1d79f7fa-c184-4346-81e8-4b2e0e9d81db",
      "title": "",
      "fullFile": "cypress/integration/03.starwarsNumericFilter_spec.js",
      "file": "cypress/integration/03.starwarsNumericFilter_spec.js",
      "beforeHooks": [],
      "afterHooks": [],
      "tests": [],
      "suites": [
        {
          "uuid": "282ded71-39cc-449f-a160-8e5a59f2556a",
          "title": "3 - Crie um filtro para valores numéricos",
          "fullFile": "",
          "file": "",
          "beforeHooks": [],
          "afterHooks": [],
          "tests": [
            {
              "title": "Renderize o filtro de coluna",
              "fullTitle": "3 - Crie um filtro para valores numéricos Renderize o filtro de coluna",
              "timedOut": null,
              "duration": 279,
              "state": "passed",
              "speed": "fast",
              "pass": true,
              "fail": false,
              "pending": false,
              "context": null,
              "code": "const options = ['population', 'orbital_period', 'diameter', 'rotation_period', 'surface_water'];\ncy.getByTestId(_dataTestIds.COLUMN_FILTER).children().should('have.length', options.length).each(el => {\n  expect(el.text()).to.be.oneOf(options);\n});",
              "err": {},
              "uuid": "f97186e9-1369-4eca-985f-3029739fc23b",
              "parentUUID": "282ded71-39cc-449f-a160-8e5a59f2556a",
              "isHook": false,
              "skipped": false
            },
            {
              "title": "Renderize o filtro de comparação",
              "fullTitle": "3 - Crie um filtro para valores numéricos Renderize o filtro de comparação",
              "timedOut": null,
              "duration": 92,
              "state": "passed",
              "speed": "fast",
              "pass": true,
              "fail": false,
              "pending": false,
              "context": null,
              "code": "const options = ['maior que', 'menor que', 'igual a'];\ncy.getByTestId(_dataTestIds.COMPARISON_FILTER).children().should('have.length', options.length).each(el => {\n  expect(el.text()).to.be.oneOf(options);\n});",
              "err": {},
              "uuid": "6f799854-2a48-40f8-a267-421f02f118df",
              "parentUUID": "282ded71-39cc-449f-a160-8e5a59f2556a",
              "isHook": false,
              "skipped": false
            },
            {
              "title": "Renderize o campo para o valor do filtro",
              "fullTitle": "3 - Crie um filtro para valores numéricos Renderize o campo para o valor do filtro",
              "timedOut": null,
              "duration": 68,
              "state": "passed",
              "speed": "fast",
              "pass": true,
              "fail": false,
              "pending": false,
              "context": null,
              "code": "cy.getByTestId(_dataTestIds.VALUE_FILTER).should('be.visible');",
              "err": {},
              "uuid": "76cfb636-2e90-40bc-96ee-0721faa9e152",
              "parentUUID": "282ded71-39cc-449f-a160-8e5a59f2556a",
              "isHook": false,
              "skipped": false
            },
            {
              "title": "Renderize o botão para executar a filtragem",
              "fullTitle": "3 - Crie um filtro para valores numéricos Renderize o botão para executar a filtragem",
              "timedOut": null,
              "duration": 78,
              "state": "passed",
              "speed": "fast",
              "pass": true,
              "fail": false,
              "pending": false,
              "context": null,
              "code": "cy.getByTestId(_dataTestIds.BUTTON_FILTER).should('be.visible');",
              "err": {},
              "uuid": "c560b7d6-350c-4fef-9f52-f6cc38f1309a",
              "parentUUID": "282ded71-39cc-449f-a160-8e5a59f2556a",
              "isHook": false,
              "skipped": false
            },
            {
              "title": "Verifica valores iniciais de cada campo",
              "fullTitle": "3 - Crie um filtro para valores numéricos Verifica valores iniciais de cada campo",
              "timedOut": null,
              "duration": 71,
              "state": "passed",
              "speed": "fast",
              "pass": true,
              "fail": false,
              "pending": false,
              "context": null,
              "code": "cy.getByTestId(_dataTestIds.COLUMN_FILTER).should('have.value', 'population');\ncy.getByTestId(_dataTestIds.COMPARISON_FILTER).should('have.value', 'maior que');\ncy.getByTestId(_dataTestIds.VALUE_FILTER).should('have.value', '0');",
              "err": {},
              "uuid": "30522cfc-9c97-419e-87c8-5eb32533c482",
              "parentUUID": "282ded71-39cc-449f-a160-8e5a59f2556a",
              "isHook": false,
              "skipped": false
            },
            {
              "title": "Filtre utilizando apenas o botão de filtrar",
              "fullTitle": "3 - Crie um filtro para valores numéricos Filtre utilizando apenas o botão de filtrar",
              "timedOut": null,
              "duration": 172,
              "state": "passed",
              "speed": "fast",
              "pass": true,
              "fail": false,
              "pending": false,
              "context": null,
              "code": "const DEFAULT_FILTERED_ROWS = 9;\ncy.getByTestId(_dataTestIds.BUTTON_FILTER).click();\ncy.get('table tr').should('have.length', DEFAULT_FILTERED_ROWS);",
              "err": {},
              "uuid": "f08eb78d-291f-4a42-a334-44e4545380a3",
              "parentUUID": "282ded71-39cc-449f-a160-8e5a59f2556a",
              "isHook": false,
              "skipped": false
            },
            {
              "title": "Filtre utilizando a comparação \"menor que\"",
              "fullTitle": "3 - Crie um filtro para valores numéricos Filtre utilizando a comparação \"menor que\"",
              "timedOut": null,
              "duration": 851,
              "state": "passed",
              "speed": "fast",
              "pass": true,
              "fail": false,
              "pending": false,
              "context": null,
              "code": "const LESS_FILTERED_ROWS = 7;\ncy.addFilter('surface_water', 'menor que', '40');\ncy.get('table tr').should('have.length', LESS_FILTERED_ROWS);",
              "err": {},
              "uuid": "7cc2305c-c9ad-4eed-bc1c-52781a43e5b1",
              "parentUUID": "282ded71-39cc-449f-a160-8e5a59f2556a",
              "isHook": false,
              "skipped": false
            },
            {
              "title": "Filtre utilizando a comparação \"maior que\"",
              "fullTitle": "3 - Crie um filtro para valores numéricos Filtre utilizando a comparação \"maior que\"",
              "timedOut": null,
              "duration": 824,
              "state": "passed",
              "speed": "fast",
              "pass": true,
              "fail": false,
              "pending": false,
              "context": null,
              "code": "const GREATER_FILTERED_ROWS = 8;\ncy.addFilter('diameter', 'maior que', '8900');\ncy.get('table tr').should('have.length', GREATER_FILTERED_ROWS);",
              "err": {},
              "uuid": "b7f4aecf-b17b-485b-b14a-074a2c40832f",
              "parentUUID": "282ded71-39cc-449f-a160-8e5a59f2556a",
              "isHook": false,
              "skipped": false
            },
            {
              "title": "Filtre utilizando a comparação \"igual a\"",
              "fullTitle": "3 - Crie um filtro para valores numéricos Filtre utilizando a comparação \"igual a\"",
              "timedOut": null,
              "duration": 904,
              "state": "passed",
              "speed": "fast",
              "pass": true,
              "fail": false,
              "pending": false,
              "context": null,
              "code": "const EQUALS_FILTERED_ROWS = 2;\ncy.addFilter('population', 'igual a', '200000');\ncy.get('table tr').should('have.length', EQUALS_FILTERED_ROWS);",
              "err": {},
              "uuid": "767104d2-28d2-413c-ba5e-6bbdab4345cd",
              "parentUUID": "282ded71-39cc-449f-a160-8e5a59f2556a",
              "isHook": false,
              "skipped": false
            }
          ],
          "suites": [],
          "passes": [
            "f97186e9-1369-4eca-985f-3029739fc23b",
            "6f799854-2a48-40f8-a267-421f02f118df",
            "76cfb636-2e90-40bc-96ee-0721faa9e152",
            "c560b7d6-350c-4fef-9f52-f6cc38f1309a",
            "30522cfc-9c97-419e-87c8-5eb32533c482",
            "f08eb78d-291f-4a42-a334-44e4545380a3",
            "7cc2305c-c9ad-4eed-bc1c-52781a43e5b1",
            "b7f4aecf-b17b-485b-b14a-074a2c40832f",
            "767104d2-28d2-413c-ba5e-6bbdab4345cd"
          ],
          "failures": [],
          "pending": [],
          "skipped": [],
          "duration": 3339,
          "root": false,
          "rootEmpty": false,
          "_timeout": 2000
        }
      ],
      "passes": [],
      "failures": [],
      "pending": [],
      "skipped": [],
      "duration": 0,
      "root": true,
      "rootEmpty": true,
      "_timeout": 2000
    }
  ],
  "meta": {
    "mocha": {
      "version": "7.0.1"
    },
    "mochawesome": {
      "options": {
        "quiet": false,
        "reportFilename": "mochawesome",
        "saveHtml": false,
        "saveJson": true,
        "consoleReporter": "spec",
        "useInlineDiffs": false,
        "code": true
      },
      "version": "7.1.3"
    },
    "marge": {
      "options": {
        "id": "default",
        "reportDir": "cypress/reports",
        "overwrite": false,
        "html": false,
        "json": true
      },
      "version": "6.2.0"
    }
  }
}