{
  "stats": {
    "suites": 1,
    "tests": 4,
    "passes": 0,
    "pending": 0,
    "failures": 4,
    "start": "2022-08-08T19:18:37.134Z",
    "end": "2022-08-08T19:18:37.345Z",
    "duration": 211,
    "testsRegistered": 4,
    "passPercent": 0,
    "pendingPercent": 0,
    "other": 0,
    "hasOther": false,
    "skipped": 0,
    "hasSkipped": false
  },
  "results": [
    {
      "uuid": "a14054cd-f93f-43d4-b087-6d713d288e34",
      "title": "",
      "fullFile": "cypress/integration/08.testCoverage90_spec.js",
      "file": "cypress/integration/08.testCoverage90_spec.js",
      "beforeHooks": [],
      "afterHooks": [],
      "tests": [],
      "suites": [
        {
          "uuid": "1f57cb28-e551-4fcb-a934-06211eae8163",
          "title": "8 - Desenvolva testes para atingir 90% de cobertura total da aplicação",
          "fullFile": "",
          "file": "",
          "beforeHooks": [],
          "afterHooks": [],
          "tests": [
            {
              "title": "Cobertura de \"Statements\" total deverá ser maior ou igual a 90.",
              "fullTitle": "8 - Desenvolva testes para atingir 90% de cobertura total da aplicação Cobertura de \"Statements\" total deverá ser maior ou igual a 90.",
              "timedOut": null,
              "duration": 43,
              "state": "failed",
              "speed": null,
              "pass": false,
              "fail": true,
              "pending": false,
              "context": null,
              "code": "cy.task('getCoverage', (0, _getId.getId)()).its('total.statements.pct', {\n  timeout: 0\n}).should('be.gte', 90.00);",
              "err": {
                "message": "AssertionError: Timed out retrying after 0ms: expected 36.36 to be at least 90",
                "estack": "AssertionError: Timed out retrying after 0ms: expected 36.36 to be at least 90\n    at Context.eval (http://localhost:42609/__cypress/tests?p=cypress/integration/08.testCoverage90_spec.js:105:8)",
                "diff": "- 36.36\n+ 90\n"
              },
              "uuid": "6fc84aef-5924-4149-aae8-0482db7ed151",
              "parentUUID": "1f57cb28-e551-4fcb-a934-06211eae8163",
              "isHook": false,
              "skipped": false
            },
            {
              "title": "Cobertura de \"Functions\" total deverá ser maior ou igual a 90.",
              "fullTitle": "8 - Desenvolva testes para atingir 90% de cobertura total da aplicação Cobertura de \"Functions\" total deverá ser maior ou igual a 90.",
              "timedOut": null,
              "duration": 21,
              "state": "failed",
              "speed": null,
              "pass": false,
              "fail": true,
              "pending": false,
              "context": null,
              "code": "cy.task('getCoverage', (0, _getId.getId)()).its('total.functions.pct', {\n  timeout: 0\n}).should('be.gte', 90.00);",
              "err": {
                "message": "AssertionError: Timed out retrying after 0ms: expected 25 to be at least 90",
                "estack": "AssertionError: Timed out retrying after 0ms: expected 25 to be at least 90\n    at Context.eval (http://localhost:42609/__cypress/tests?p=cypress/integration/08.testCoverage90_spec.js:110:8)",
                "diff": "- 25\n+ 90\n"
              },
              "uuid": "c31b5c8b-05b3-4188-8850-9e7bc7c5b2a5",
              "parentUUID": "1f57cb28-e551-4fcb-a934-06211eae8163",
              "isHook": false,
              "skipped": false
            },
            {
              "title": "Cobertura de \"Branches\" total deverá ser maior ou igual a 90.",
              "fullTitle": "8 - Desenvolva testes para atingir 90% de cobertura total da aplicação Cobertura de \"Branches\" total deverá ser maior ou igual a 90.",
              "timedOut": null,
              "duration": 17,
              "state": "failed",
              "speed": null,
              "pass": false,
              "fail": true,
              "pending": false,
              "context": null,
              "code": "cy.task('getCoverage', (0, _getId.getId)()).its('total.branches.pct', {\n  timeout: 0\n}).should('be.gte', 90.00);",
              "err": {
                "message": "AssertionError: Timed out retrying after 0ms: expected 0 to be at least 90",
                "estack": "AssertionError: Timed out retrying after 0ms: expected 0 to be at least 90\n    at Context.eval (http://localhost:42609/__cypress/tests?p=cypress/integration/08.testCoverage90_spec.js:115:8)",
                "diff": null
              },
              "uuid": "4e520349-6732-4895-97b4-c6b5019153f9",
              "parentUUID": "1f57cb28-e551-4fcb-a934-06211eae8163",
              "isHook": false,
              "skipped": false
            },
            {
              "title": "Cobertura de \"Lines\" total deverá ser maior ou igual a 90.",
              "fullTitle": "8 - Desenvolva testes para atingir 90% de cobertura total da aplicação Cobertura de \"Lines\" total deverá ser maior ou igual a 90.",
              "timedOut": null,
              "duration": 21,
              "state": "failed",
              "speed": null,
              "pass": false,
              "fail": true,
              "pending": false,
              "context": null,
              "code": "cy.task('getCoverage', (0, _getId.getId)()).its('total.lines.pct', {\n  timeout: 0\n}).should('be.gte', 90.00);",
              "err": {
                "message": "AssertionError: Timed out retrying after 0ms: expected 36.36 to be at least 90",
                "estack": "AssertionError: Timed out retrying after 0ms: expected 36.36 to be at least 90\n    at Context.eval (http://localhost:42609/__cypress/tests?p=cypress/integration/08.testCoverage90_spec.js:120:8)",
                "diff": "- 36.36\n+ 90\n"
              },
              "uuid": "dc5ec517-9c89-472e-b97b-6b59600ac473",
              "parentUUID": "1f57cb28-e551-4fcb-a934-06211eae8163",
              "isHook": false,
              "skipped": false
            }
          ],
          "suites": [],
          "passes": [],
          "failures": [
            "6fc84aef-5924-4149-aae8-0482db7ed151",
            "c31b5c8b-05b3-4188-8850-9e7bc7c5b2a5",
            "4e520349-6732-4895-97b4-c6b5019153f9",
            "dc5ec517-9c89-472e-b97b-6b59600ac473"
          ],
          "pending": [],
          "skipped": [],
          "duration": 102,
          "root": false,
          "rootEmpty": false,
          "_timeout": 2000
        }
      ],
      "passes": [],
      "failures": [],
      "pending": [],
      "skipped": [],
      "duration": 0,
      "root": true,
      "rootEmpty": true,
      "_timeout": 2000
    }
  ],
  "meta": {
    "mocha": {
      "version": "7.0.1"
    },
    "mochawesome": {
      "options": {
        "quiet": false,
        "reportFilename": "mochawesome",
        "saveHtml": false,
        "saveJson": true,
        "consoleReporter": "spec",
        "useInlineDiffs": false,
        "code": true
      },
      "version": "7.1.3"
    },
    "marge": {
      "options": {
        "id": "default",
        "reportDir": "cypress/reports",
        "overwrite": false,
        "html": false,
        "json": true
      },
      "version": "6.2.0"
    }
  }
}