{
  "stats": {
    "suites": 1,
    "tests": 4,
    "passes": 2,
    "pending": 0,
    "failures": 2,
    "start": "2022-08-10T10:45:19.630Z",
    "end": "2022-08-10T10:45:22.862Z",
    "duration": 3232,
    "testsRegistered": 4,
    "passPercent": 50,
    "pendingPercent": 0,
    "other": 0,
    "hasOther": false,
    "skipped": 0,
    "hasSkipped": false
  },
  "results": [
    {
      "uuid": "520cafcf-0cd6-4af8-99be-241edb33465d",
      "title": "",
      "fullFile": "cypress/integration/05.testCoverage50_spec.js",
      "file": "cypress/integration/05.testCoverage50_spec.js",
      "beforeHooks": [],
      "afterHooks": [],
      "tests": [],
      "suites": [
        {
          "uuid": "2dc4bbc6-b3d4-41fa-9e37-044ebc4a8cb2",
          "title": "5 - Desenvolva testes para atingir 50% de cobertura total da aplicação",
          "fullFile": "",
          "file": "",
          "beforeHooks": [],
          "afterHooks": [],
          "tests": [
            {
              "title": "Cobertura de \"Statements\" total deverá ser maior ou igual a 50.",
              "fullTitle": "5 - Desenvolva testes para atingir 50% de cobertura total da aplicação Cobertura de \"Statements\" total deverá ser maior ou igual a 50.",
              "timedOut": null,
              "duration": 3074,
              "state": "passed",
              "speed": "fast",
              "pass": true,
              "fail": false,
              "pending": false,
              "context": null,
              "code": "cy.task('getCoverage', (0, _getId.getId)()).its('total.statements.pct', {\n  timeout: 0\n}).should('be.gte', 50.00);",
              "err": {},
              "uuid": "1bba0788-8ec6-4c90-acaf-1600dab3906c",
              "parentUUID": "2dc4bbc6-b3d4-41fa-9e37-044ebc4a8cb2",
              "isHook": false,
              "skipped": false
            },
            {
              "title": "Cobertura de \"Functions\" total deverá ser maior ou igual a 50.",
              "fullTitle": "5 - Desenvolva testes para atingir 50% de cobertura total da aplicação Cobertura de \"Functions\" total deverá ser maior ou igual a 50.",
              "timedOut": null,
              "duration": 23,
              "state": "failed",
              "speed": null,
              "pass": false,
              "fail": true,
              "pending": false,
              "context": null,
              "code": "cy.task('getCoverage', (0, _getId.getId)()).its('total.functions.pct', {\n  timeout: 0\n}).should('be.gte', 50.00);",
              "err": {
                "message": "AssertionError: Timed out retrying after 0ms: expected 43.75 to be at least 50",
                "estack": "AssertionError: Timed out retrying after 0ms: expected 43.75 to be at least 50\n    at Context.eval (http://localhost:42453/__cypress/tests?p=cypress/integration/05.testCoverage50_spec.js:110:8)",
                "diff": "- 43.75\n+ 50\n"
              },
              "uuid": "2a0bfb09-579a-4fd8-b62e-57b2b62024bd",
              "parentUUID": "2dc4bbc6-b3d4-41fa-9e37-044ebc4a8cb2",
              "isHook": false,
              "skipped": false
            },
            {
              "title": "Cobertura de \"Branches\" total deverá ser maior ou igual a 50.",
              "fullTitle": "5 - Desenvolva testes para atingir 50% de cobertura total da aplicação Cobertura de \"Branches\" total deverá ser maior ou igual a 50.",
              "timedOut": null,
              "duration": 29,
              "state": "failed",
              "speed": null,
              "pass": false,
              "fail": true,
              "pending": false,
              "context": null,
              "code": "cy.task('getCoverage', (0, _getId.getId)()).its('total.branches.pct', {\n  timeout: 0\n}).should('be.gte', 50.00);",
              "err": {
                "message": "AssertionError: Timed out retrying after 0ms: expected 11.11 to be at least 50",
                "estack": "AssertionError: Timed out retrying after 0ms: expected 11.11 to be at least 50\n    at Context.eval (http://localhost:42453/__cypress/tests?p=cypress/integration/05.testCoverage50_spec.js:115:8)",
                "diff": "- 11.11\n+ 50\n"
              },
              "uuid": "8f5ce11b-58d6-4a3e-b63d-ae2cd01c7e7e",
              "parentUUID": "2dc4bbc6-b3d4-41fa-9e37-044ebc4a8cb2",
              "isHook": false,
              "skipped": false
            },
            {
              "title": "Cobertura de \"Lines\" total deverá ser maior ou igual a 50.",
              "fullTitle": "5 - Desenvolva testes para atingir 50% de cobertura total da aplicação Cobertura de \"Lines\" total deverá ser maior ou igual a 50.",
              "timedOut": null,
              "duration": 27,
              "state": "passed",
              "speed": "fast",
              "pass": true,
              "fail": false,
              "pending": false,
              "context": null,
              "code": "cy.task('getCoverage', (0, _getId.getId)()).its('total.lines.pct', {\n  timeout: 0\n}).should('be.gte', 50.00);",
              "err": {},
              "uuid": "42ce5172-05fb-4cdf-9bf7-ad7eb6cce789",
              "parentUUID": "2dc4bbc6-b3d4-41fa-9e37-044ebc4a8cb2",
              "isHook": false,
              "skipped": false
            }
          ],
          "suites": [],
          "passes": [
            "1bba0788-8ec6-4c90-acaf-1600dab3906c",
            "42ce5172-05fb-4cdf-9bf7-ad7eb6cce789"
          ],
          "failures": [
            "2a0bfb09-579a-4fd8-b62e-57b2b62024bd",
            "8f5ce11b-58d6-4a3e-b63d-ae2cd01c7e7e"
          ],
          "pending": [],
          "skipped": [],
          "duration": 3153,
          "root": false,
          "rootEmpty": false,
          "_timeout": 2000
        }
      ],
      "passes": [],
      "failures": [],
      "pending": [],
      "skipped": [],
      "duration": 0,
      "root": true,
      "rootEmpty": true,
      "_timeout": 2000
    }
  ],
  "meta": {
    "mocha": {
      "version": "7.0.1"
    },
    "mochawesome": {
      "options": {
        "quiet": false,
        "reportFilename": "mochawesome",
        "saveHtml": false,
        "saveJson": true,
        "consoleReporter": "spec",
        "useInlineDiffs": false,
        "code": true
      },
      "version": "7.1.3"
    },
    "marge": {
      "options": {
        "id": "default",
        "reportDir": "cypress/reports",
        "overwrite": false,
        "html": false,
        "json": true
      },
      "version": "6.2.0"
    }
  }
}