{
  "stats": {
    "suites": 1,
    "tests": 4,
    "passes": 0,
    "pending": 0,
    "failures": 4,
    "start": "2022-08-10T10:33:04.539Z",
    "end": "2022-08-10T10:33:45.974Z",
    "duration": 41435,
    "testsRegistered": 4,
    "passPercent": 0,
    "pendingPercent": 0,
    "other": 0,
    "hasOther": false,
    "skipped": 0,
    "hasSkipped": false
  },
  "results": [
    {
      "uuid": "910336a3-2134-436e-9b71-54751add4de7",
      "title": "",
      "fullFile": "cypress/integration/09.sortPlanets_spec.js",
      "file": "cypress/integration/09.sortPlanets_spec.js",
      "beforeHooks": [],
      "afterHooks": [],
      "tests": [],
      "suites": [
        {
          "uuid": "12435a95-39bf-42b8-9968-674b14aa649b",
          "title": "9 - Ordene as colunas de forma ascendente ou descendente",
          "fullFile": "",
          "file": "",
          "beforeHooks": [],
          "afterHooks": [],
          "tests": [
            {
              "title": "Verifique a ordenação inicial",
              "fullTitle": "9 - Ordene as colunas de forma ascendente ou descendente Verifique a ordenação inicial",
              "timedOut": null,
              "duration": 10285,
              "state": "failed",
              "speed": null,
              "pass": false,
              "fail": true,
              "pending": false,
              "context": null,
              "code": "const expectedPlanets = ['Alderaan', 'Bespin', 'Coruscant', 'Dagobah', 'Endor', 'Hoth', 'Kamino', 'Naboo', 'Tatooine', 'Yavin IV'];\ncy.getByTestId(_dataTestIds.PLANET_NAME).each((el, index) => {\n  expect(el).to.contain(expectedPlanets[index]);\n});",
              "err": {
                "message": "AssertionError: Timed out retrying after 10000ms: Expected to find element: `[data-testid=\"planet-name\"]`, but never found it.",
                "estack": "AssertionError: Timed out retrying after 10000ms: Expected to find element: `[data-testid=\"planet-name\"]`, but never found it.\n    at Context.eval (http://localhost:3000/__cypress/tests?p=cypress/support/index.js:131:63)",
                "diff": null
              },
              "uuid": "d8c27733-d534-4a41-83a8-a496028a333d",
              "parentUUID": "12435a95-39bf-42b8-9968-674b14aa649b",
              "isHook": false,
              "skipped": false
            },
            {
              "title": "Ordene os planetas do maior período orbital para o menor período orbital",
              "fullTitle": "9 - Ordene as colunas de forma ascendente ou descendente Ordene os planetas do maior período orbital para o menor período orbital",
              "timedOut": null,
              "duration": 10080,
              "state": "failed",
              "speed": null,
              "pass": false,
              "fail": true,
              "pending": false,
              "context": null,
              "code": "sortByColumn('orbital_period', 'desc');\nconst expectedPlanets = ['Bespin', 'Yavin IV', 'Hoth', 'Kamino', 'Endor', 'Coruscant', 'Alderaan', 'Dagobah', 'Naboo', 'Tatooine'];\ncy.getByTestId(_dataTestIds.PLANET_NAME).each((el, index) => {\n  expect(el).to.contain(expectedPlanets[index]);\n});",
              "err": {
                "message": "AssertionError: Timed out retrying after 10000ms: Expected to find element: `[data-testid=\"column-sort\"]`, but never found it.",
                "estack": "AssertionError: Timed out retrying after 10000ms: Expected to find element: `[data-testid=\"column-sort\"]`, but never found it.\n    at Context.eval (http://localhost:3000/__cypress/tests?p=cypress/support/index.js:131:63)",
                "diff": null
              },
              "uuid": "90c81a4c-e64a-4483-8d53-98e5d43cf20c",
              "parentUUID": "12435a95-39bf-42b8-9968-674b14aa649b",
              "isHook": false,
              "skipped": false
            },
            {
              "title": "Ordene os planetas do menor diâmetro para o maior diâmetro",
              "fullTitle": "9 - Ordene as colunas de forma ascendente ou descendente Ordene os planetas do menor diâmetro para o maior diâmetro",
              "timedOut": null,
              "duration": 10076,
              "state": "failed",
              "speed": null,
              "pass": false,
              "fail": true,
              "pending": false,
              "context": null,
              "code": "sortByColumn('diameter', 'asc');\nconst expectedPlanets = ['Endor', 'Hoth', 'Dagobah', 'Yavin IV', 'Tatooine', 'Naboo', 'Coruscant', 'Alderaan', 'Kamino', 'Bespin'];\ncy.getByTestId(_dataTestIds.PLANET_NAME).each((el, index) => {\n  expect(el).to.contain(expectedPlanets[index]);\n});",
              "err": {
                "message": "AssertionError: Timed out retrying after 10000ms: Expected to find element: `[data-testid=\"column-sort\"]`, but never found it.",
                "estack": "AssertionError: Timed out retrying after 10000ms: Expected to find element: `[data-testid=\"column-sort\"]`, but never found it.\n    at Context.eval (http://localhost:3000/__cypress/tests?p=cypress/support/index.js:131:63)",
                "diff": null
              },
              "uuid": "4aa4c668-ea74-43fd-8679-3090db3ffffe",
              "parentUUID": "12435a95-39bf-42b8-9968-674b14aa649b",
              "isHook": false,
              "skipped": false
            },
            {
              "title": "Ordene os planetas do menos populoso para o mais populoso",
              "fullTitle": "9 - Ordene as colunas de forma ascendente ou descendente Ordene os planetas do menos populoso para o mais populoso",
              "timedOut": null,
              "duration": 10079,
              "state": "failed",
              "speed": null,
              "pass": false,
              "fail": true,
              "pending": false,
              "context": null,
              "code": "sortByColumn('population', 'desc');\nconst expectedPlanets = ['Coruscant', 'Naboo', 'Alderaan', 'Kamino', 'Endor', 'Bespin', 'Tatooine', 'Yavin IV'];\nconst expectedPlanetsWithUnknownValues = ['Dagobah', 'Hoth'];\ncy.getByTestId(_dataTestIds.PLANET_NAME).each((el, index) => {\n  if (expectedPlanets[index]) {\n    expect(el).to.contain(expectedPlanets[index]);\n  } else {\n    expect(el.text()).to.be.oneOf(expectedPlanetsWithUnknownValues);\n  }\n});",
              "err": {
                "message": "AssertionError: Timed out retrying after 10000ms: Expected to find element: `[data-testid=\"column-sort\"]`, but never found it.",
                "estack": "AssertionError: Timed out retrying after 10000ms: Expected to find element: `[data-testid=\"column-sort\"]`, but never found it.\n    at Context.eval (http://localhost:3000/__cypress/tests?p=cypress/support/index.js:131:63)",
                "diff": null
              },
              "uuid": "2f13abbe-acb4-4cfc-86cc-542390885fc1",
              "parentUUID": "12435a95-39bf-42b8-9968-674b14aa649b",
              "isHook": false,
              "skipped": false
            }
          ],
          "suites": [],
          "passes": [],
          "failures": [
            "d8c27733-d534-4a41-83a8-a496028a333d",
            "90c81a4c-e64a-4483-8d53-98e5d43cf20c",
            "4aa4c668-ea74-43fd-8679-3090db3ffffe",
            "2f13abbe-acb4-4cfc-86cc-542390885fc1"
          ],
          "pending": [],
          "skipped": [],
          "duration": 40520,
          "root": false,
          "rootEmpty": false,
          "_timeout": 2000
        }
      ],
      "passes": [],
      "failures": [],
      "pending": [],
      "skipped": [],
      "duration": 0,
      "root": true,
      "rootEmpty": true,
      "_timeout": 2000
    }
  ],
  "meta": {
    "mocha": {
      "version": "7.0.1"
    },
    "mochawesome": {
      "options": {
        "quiet": false,
        "reportFilename": "mochawesome",
        "saveHtml": false,
        "saveJson": true,
        "consoleReporter": "spec",
        "useInlineDiffs": false,
        "code": true
      },
      "version": "7.1.3"
    },
    "marge": {
      "options": {
        "id": "default",
        "reportDir": "cypress/reports",
        "overwrite": false,
        "html": false,
        "json": true
      },
      "version": "6.2.0"
    }
  }
}