{
  "stats": {
    "suites": 1,
    "tests": 3,
    "passes": 0,
    "pending": 0,
    "failures": 3,
    "start": "2022-08-10T20:14:28.184Z",
    "end": "2022-08-10T20:15:04.247Z",
    "duration": 36063,
    "testsRegistered": 3,
    "passPercent": 0,
    "pendingPercent": 0,
    "other": 0,
    "hasOther": false,
    "skipped": 0,
    "hasSkipped": false
  },
  "results": [
    {
      "uuid": "7d1fdc8c-65df-49de-a981-ebeb19870afb",
      "title": "",
      "fullFile": "cypress/integration/07.deleteFilters_spec.js",
      "file": "cypress/integration/07.deleteFilters_spec.js",
      "beforeHooks": [],
      "afterHooks": [],
      "tests": [],
      "suites": [
        {
          "uuid": "0048bd8f-a742-4a0a-8948-58a9715179b4",
          "title": "7 - Apague um filtro de valor numérico ao clicar no ícone de X de um dos filtros e apague todas filtragens numéricas simultaneamente ao clicar em outro botão de Remover todas filtragens",
          "fullFile": "",
          "file": "",
          "beforeHooks": [],
          "afterHooks": [],
          "tests": [
            {
              "title": "Adicione um filtro e verifique se a tabela foi atualizada com as informações filtradas, depois remova o filtro e verifique se os valores da tabela voltaram ao original",
              "fullTitle": "7 - Apague um filtro de valor numérico ao clicar no ícone de X de um dos filtros e apague todas filtragens numéricas simultaneamente ao clicar em outro botão de Remover todas filtragens Adicione um filtro e verifique se a tabela foi atualizada com as informações filtradas, depois remova o filtro e verifique se os valores da tabela voltaram ao original",
              "timedOut": null,
              "duration": 11139,
              "state": "failed",
              "speed": null,
              "pass": false,
              "fail": true,
              "pending": false,
              "context": null,
              "code": "cy.get('table tr').should('have.length', TOTAL_ROWS_COUNT);\ncy.addFilter('diameter', 'maior que', '8900');\ncy.get('table tr').should('have.length', FILTERED_ROWS_COUNT);\nremoveFilter(DIAMETER_FILTER_INDEX);\ncy.get('table tr').should('have.length', TOTAL_ROWS_COUNT);",
              "err": {
                "message": "AssertionError: Timed out retrying after 10000ms: Expected to find element: `[data-testid=\"filter\"]`, but never found it.",
                "estack": "AssertionError: Timed out retrying after 10000ms: Expected to find element: `[data-testid=\"filter\"]`, but never found it.\n    at Context.eval (http://localhost:3000/__cypress/tests?p=cypress/support/index.js:131:63)",
                "diff": null
              },
              "uuid": "8c62d322-abcd-4dfe-8cd6-7d7873247f84",
              "parentUUID": "0048bd8f-a742-4a0a-8948-58a9715179b4",
              "isHook": false,
              "skipped": false
            },
            {
              "title": "Adicione dois filtros e verifique se a tabela foi atualizada com as informações filtradas, depois remova os filtros e verifique se os valores da tabela voltaram ao original",
              "fullTitle": "7 - Apague um filtro de valor numérico ao clicar no ícone de X de um dos filtros e apague todas filtragens numéricas simultaneamente ao clicar em outro botão de Remover todas filtragens Adicione dois filtros e verifique se a tabela foi atualizada com as informações filtradas, depois remova os filtros e verifique se os valores da tabela voltaram ao original",
              "timedOut": null,
              "duration": 11657,
              "state": "failed",
              "speed": null,
              "pass": false,
              "fail": true,
              "pending": false,
              "context": null,
              "code": "cy.get('table tr').should('have.length', TOTAL_ROWS_COUNT);\ncy.addFilter('diameter', 'maior que', '8900');\ncy.addFilter('population', 'menor que', '1000000');\ncy.get('table tr').should('have.length', DOUBLE_FILTERED);\nremoveFilter(POPULATION_FILTER_INDEX);\ncy.get('table tr').should('have.length', FILTERED_ROWS_COUNT);\nremoveFilter(DIAMETER_FILTER_INDEX);\ncy.get('table tr').should('have.length', TOTAL_ROWS_COUNT);",
              "err": {
                "message": "AssertionError: Timed out retrying after 10000ms: Expected to find element: `[data-testid=\"filter\"]`, but never found it.",
                "estack": "AssertionError: Timed out retrying after 10000ms: Expected to find element: `[data-testid=\"filter\"]`, but never found it.\n    at Context.eval (http://localhost:3000/__cypress/tests?p=cypress/support/index.js:131:63)",
                "diff": null
              },
              "uuid": "4e06a620-95e2-4cf8-b0b3-8c8eba1af595",
              "parentUUID": "0048bd8f-a742-4a0a-8948-58a9715179b4",
              "isHook": false,
              "skipped": false
            },
            {
              "title": "Adicione três filtros e clique no botão Remover Filtragens, todos os filtros deverão ser removidos",
              "fullTitle": "7 - Apague um filtro de valor numérico ao clicar no ícone de X de um dos filtros e apague todas filtragens numéricas simultaneamente ao clicar em outro botão de Remover todas filtragens Adicione três filtros e clique no botão Remover Filtragens, todos os filtros deverão ser removidos",
              "timedOut": null,
              "duration": 12307,
              "state": "failed",
              "speed": null,
              "pass": false,
              "fail": true,
              "pending": false,
              "context": null,
              "code": "cy.get('table tr').should('have.length', TOTAL_ROWS_COUNT);\ncy.addFilter('diameter', 'maior que', '8900');\ncy.addFilter('population', 'menor que', '1000000');\ncy.addFilter('rotation_period', 'igual a', '23');\ncy.get('table tr').should('have.length', TRIPLE_FILTERED);\ncy.getByTestId(_dataTestIds.BUTTON_REMOVE_FILTERS).click();\ncy.get('table tr').should('have.length', TOTAL_ROWS_COUNT);",
              "err": {
                "message": "AssertionError: Timed out retrying after 10000ms: Expected to find element: `[data-testid=\"button-remove-filters\"]`, but never found it.",
                "estack": "AssertionError: Timed out retrying after 10000ms: Expected to find element: `[data-testid=\"button-remove-filters\"]`, but never found it.\n    at Context.eval (http://localhost:3000/__cypress/tests?p=cypress/support/index.js:131:63)",
                "diff": null
              },
              "uuid": "9b15fa06-66f4-4d61-94ff-511e35598b36",
              "parentUUID": "0048bd8f-a742-4a0a-8948-58a9715179b4",
              "isHook": false,
              "skipped": false
            }
          ],
          "suites": [],
          "passes": [],
          "failures": [
            "8c62d322-abcd-4dfe-8cd6-7d7873247f84",
            "4e06a620-95e2-4cf8-b0b3-8c8eba1af595",
            "9b15fa06-66f4-4d61-94ff-511e35598b36"
          ],
          "pending": [],
          "skipped": [],
          "duration": 35103,
          "root": false,
          "rootEmpty": false,
          "_timeout": 2000
        }
      ],
      "passes": [],
      "failures": [],
      "pending": [],
      "skipped": [],
      "duration": 0,
      "root": true,
      "rootEmpty": true,
      "_timeout": 2000
    }
  ],
  "meta": {
    "mocha": {
      "version": "7.0.1"
    },
    "mochawesome": {
      "options": {
        "quiet": false,
        "reportFilename": "mochawesome",
        "saveHtml": false,
        "saveJson": true,
        "consoleReporter": "spec",
        "useInlineDiffs": false,
        "code": true
      },
      "version": "7.1.3"
    },
    "marge": {
      "options": {
        "id": "default",
        "reportDir": "cypress/reports",
        "overwrite": false,
        "html": false,
        "json": true
      },
      "version": "6.2.0"
    }
  }
}