{
  "stats": {
    "suites": 1,
    "tests": 1,
    "passes": 0,
    "pending": 0,
    "failures": 1,
    "start": "2022-08-10T10:32:12.488Z",
    "end": "2022-08-10T10:32:24.666Z",
    "duration": 12178,
    "testsRegistered": 1,
    "passPercent": 0,
    "pendingPercent": 0,
    "other": 0,
    "hasOther": false,
    "skipped": 0,
    "hasSkipped": false
  },
  "results": [
    {
      "uuid": "63cbb20a-18df-4030-869b-b91dbcadf87a",
      "title": "",
      "fullFile": "cypress/integration/06.repeatedFilters_spec.js",
      "file": "cypress/integration/06.repeatedFilters_spec.js",
      "beforeHooks": [],
      "afterHooks": [],
      "tests": [],
      "suites": [
        {
          "uuid": "7edeeb51-b701-46bd-a22c-ae649b1eaa24",
          "title": "6 - Não utilize filtros repetidos",
          "fullFile": "",
          "file": "",
          "beforeHooks": [],
          "afterHooks": [],
          "tests": [
            {
              "title": "Filtre por população e o remove das opções",
              "fullTitle": "6 - Não utilize filtros repetidos Filtre por população e o remove das opções",
              "timedOut": null,
              "duration": 11272,
              "state": "failed",
              "speed": null,
              "pass": false,
              "fail": true,
              "pending": false,
              "context": null,
              "code": "const allColumnsOptions = ['population', 'orbital_period', 'diameter', 'rotation_period', 'surface_water'];\ncy.getByTestId(_dataTestIds.COLUMN_FILTER).find('option').should(options => {\n  expect(options).to.have.length(allColumnsOptions.length);\n  allColumnsOptions.forEach(option => {\n    expect(options).to.contain(option);\n  });\n});\ncy.addFilter('population', 'maior que', '8000');\ncy.get('table tr').should('have.length', FILTERED_ROWS_COUNT);\ncy.getByTestId(_dataTestIds.COLUMN_FILTER).find('option').should(options => {\n  expect(options).to.have.length(allColumnsOptions.length - 1);\n  expect(options).to.not.contain('population');\n});",
              "err": {
                "message": "AssertionError: Timed out retrying after 10000ms: Too many elements found. Found '5', expected '4'.",
                "estack": "AssertionError: Timed out retrying after 10000ms: Too many elements found. Found '5', expected '4'.\n    at Context.eval (http://localhost:3000/__cypress/tests?p=cypress/integration/06.repeatedFilters_spec.js:145:31)",
                "diff": "- 5\n+ 4\n"
              },
              "uuid": "4d0a3c0b-637a-409a-a257-2d43be0c3671",
              "parentUUID": "7edeeb51-b701-46bd-a22c-ae649b1eaa24",
              "isHook": false,
              "skipped": false
            }
          ],
          "suites": [],
          "passes": [],
          "failures": [
            "4d0a3c0b-637a-409a-a257-2d43be0c3671"
          ],
          "pending": [],
          "skipped": [],
          "duration": 11272,
          "root": false,
          "rootEmpty": false,
          "_timeout": 2000
        }
      ],
      "passes": [],
      "failures": [],
      "pending": [],
      "skipped": [],
      "duration": 0,
      "root": true,
      "rootEmpty": true,
      "_timeout": 2000
    }
  ],
  "meta": {
    "mocha": {
      "version": "7.0.1"
    },
    "mochawesome": {
      "options": {
        "quiet": false,
        "reportFilename": "mochawesome",
        "saveHtml": false,
        "saveJson": true,
        "consoleReporter": "spec",
        "useInlineDiffs": false,
        "code": true
      },
      "version": "7.1.3"
    },
    "marge": {
      "options": {
        "id": "default",
        "reportDir": "cypress/reports",
        "overwrite": false,
        "html": false,
        "json": true
      },
      "version": "6.2.0"
    }
  }
}