{
  "stats": {
    "suites": 1,
    "tests": 4,
    "passes": 0,
    "pending": 0,
    "failures": 4,
    "start": "2022-08-08T21:53:30.454Z",
    "end": "2022-08-08T21:53:30.631Z",
    "duration": 177,
    "testsRegistered": 4,
    "passPercent": 0,
    "pendingPercent": 0,
    "other": 0,
    "hasOther": false,
    "skipped": 0,
    "hasSkipped": false
  },
  "results": [
    {
      "uuid": "1b6902a1-79e3-430f-9646-e74ba81bdca3",
      "title": "",
      "fullFile": "cypress/integration/08.testCoverage90_spec.js",
      "file": "cypress/integration/08.testCoverage90_spec.js",
      "beforeHooks": [],
      "afterHooks": [],
      "tests": [],
      "suites": [
        {
          "uuid": "01771a23-f2e3-4042-a17c-d8aff6e5f0d8",
          "title": "8 - Desenvolva testes para atingir 90% de cobertura total da aplicação",
          "fullFile": "",
          "file": "",
          "beforeHooks": [],
          "afterHooks": [],
          "tests": [
            {
              "title": "Cobertura de \"Statements\" total deverá ser maior ou igual a 90.",
              "fullTitle": "8 - Desenvolva testes para atingir 90% de cobertura total da aplicação Cobertura de \"Statements\" total deverá ser maior ou igual a 90.",
              "timedOut": null,
              "duration": 34,
              "state": "failed",
              "speed": null,
              "pass": false,
              "fail": true,
              "pending": false,
              "context": null,
              "code": "cy.task('getCoverage', (0, _getId.getId)()).its('total.statements.pct', {\n  timeout: 0\n}).should('be.gte', 90.00);",
              "err": {
                "message": "AssertionError: Timed out retrying after 0ms: expected 60.86 to be at least 90",
                "estack": "AssertionError: Timed out retrying after 0ms: expected 60.86 to be at least 90\n    at Context.eval (http://localhost:40417/__cypress/tests?p=cypress/integration/08.testCoverage90_spec.js:105:8)",
                "diff": "- 60.86\n+ 90\n"
              },
              "uuid": "4567bf7e-c953-48b8-9543-8514eefa7021",
              "parentUUID": "01771a23-f2e3-4042-a17c-d8aff6e5f0d8",
              "isHook": false,
              "skipped": false
            },
            {
              "title": "Cobertura de \"Functions\" total deverá ser maior ou igual a 90.",
              "fullTitle": "8 - Desenvolva testes para atingir 90% de cobertura total da aplicação Cobertura de \"Functions\" total deverá ser maior ou igual a 90.",
              "timedOut": null,
              "duration": 17,
              "state": "failed",
              "speed": null,
              "pass": false,
              "fail": true,
              "pending": false,
              "context": null,
              "code": "cy.task('getCoverage', (0, _getId.getId)()).its('total.functions.pct', {\n  timeout: 0\n}).should('be.gte', 90.00);",
              "err": {
                "message": "AssertionError: Timed out retrying after 0ms: expected 62.5 to be at least 90",
                "estack": "AssertionError: Timed out retrying after 0ms: expected 62.5 to be at least 90\n    at Context.eval (http://localhost:40417/__cypress/tests?p=cypress/integration/08.testCoverage90_spec.js:110:8)",
                "diff": "- 62.5\n+ 90\n"
              },
              "uuid": "217dd487-9bc6-421d-98e9-dbce2915a0a3",
              "parentUUID": "01771a23-f2e3-4042-a17c-d8aff6e5f0d8",
              "isHook": false,
              "skipped": false
            },
            {
              "title": "Cobertura de \"Branches\" total deverá ser maior ou igual a 90.",
              "fullTitle": "8 - Desenvolva testes para atingir 90% de cobertura total da aplicação Cobertura de \"Branches\" total deverá ser maior ou igual a 90.",
              "timedOut": null,
              "duration": 14,
              "state": "failed",
              "speed": null,
              "pass": false,
              "fail": true,
              "pending": false,
              "context": null,
              "code": "cy.task('getCoverage', (0, _getId.getId)()).its('total.branches.pct', {\n  timeout: 0\n}).should('be.gte', 90.00);",
              "err": {
                "message": "AssertionError: Timed out retrying after 0ms: expected 50 to be at least 90",
                "estack": "AssertionError: Timed out retrying after 0ms: expected 50 to be at least 90\n    at Context.eval (http://localhost:40417/__cypress/tests?p=cypress/integration/08.testCoverage90_spec.js:115:8)",
                "diff": "- 50\n+ 90\n"
              },
              "uuid": "3d03d67d-bd85-4c02-bc74-605cbd0e5c6b",
              "parentUUID": "01771a23-f2e3-4042-a17c-d8aff6e5f0d8",
              "isHook": false,
              "skipped": false
            },
            {
              "title": "Cobertura de \"Lines\" total deverá ser maior ou igual a 90.",
              "fullTitle": "8 - Desenvolva testes para atingir 90% de cobertura total da aplicação Cobertura de \"Lines\" total deverá ser maior ou igual a 90.",
              "timedOut": null,
              "duration": 17,
              "state": "failed",
              "speed": null,
              "pass": false,
              "fail": true,
              "pending": false,
              "context": null,
              "code": "cy.task('getCoverage', (0, _getId.getId)()).its('total.lines.pct', {\n  timeout: 0\n}).should('be.gte', 90.00);",
              "err": {
                "message": "AssertionError: Timed out retrying after 0ms: expected 60.86 to be at least 90",
                "estack": "AssertionError: Timed out retrying after 0ms: expected 60.86 to be at least 90\n    at Context.eval (http://localhost:40417/__cypress/tests?p=cypress/integration/08.testCoverage90_spec.js:120:8)",
                "diff": "- 60.86\n+ 90\n"
              },
              "uuid": "40df4121-22c4-4821-a0ae-48de659d3b20",
              "parentUUID": "01771a23-f2e3-4042-a17c-d8aff6e5f0d8",
              "isHook": false,
              "skipped": false
            }
          ],
          "suites": [],
          "passes": [],
          "failures": [
            "4567bf7e-c953-48b8-9543-8514eefa7021",
            "217dd487-9bc6-421d-98e9-dbce2915a0a3",
            "3d03d67d-bd85-4c02-bc74-605cbd0e5c6b",
            "40df4121-22c4-4821-a0ae-48de659d3b20"
          ],
          "pending": [],
          "skipped": [],
          "duration": 82,
          "root": false,
          "rootEmpty": false,
          "_timeout": 2000
        }
      ],
      "passes": [],
      "failures": [],
      "pending": [],
      "skipped": [],
      "duration": 0,
      "root": true,
      "rootEmpty": true,
      "_timeout": 2000
    }
  ],
  "meta": {
    "mocha": {
      "version": "7.0.1"
    },
    "mochawesome": {
      "options": {
        "quiet": false,
        "reportFilename": "mochawesome",
        "saveHtml": false,
        "saveJson": true,
        "consoleReporter": "spec",
        "useInlineDiffs": false,
        "code": true
      },
      "version": "7.1.3"
    },
    "marge": {
      "options": {
        "id": "default",
        "reportDir": "cypress/reports",
        "overwrite": false,
        "html": false,
        "json": true
      },
      "version": "6.2.0"
    }
  }
}