{
  "stats": {
    "suites": 1,
    "tests": 3,
    "passes": 3,
    "pending": 0,
    "failures": 0,
    "start": "2022-08-10T10:42:14.454Z",
    "end": "2022-08-10T10:42:16.726Z",
    "duration": 2272,
    "testsRegistered": 3,
    "passPercent": 100,
    "pendingPercent": 0,
    "other": 0,
    "hasOther": false,
    "skipped": 0,
    "hasSkipped": false
  },
  "results": [
    {
      "uuid": "1d995538-89e8-4935-ae29-573379009fb1",
      "title": "",
      "fullFile": "cypress/integration/02.filterByName_spec.js",
      "file": "cypress/integration/02.filterByName_spec.js",
      "beforeHooks": [],
      "afterHooks": [],
      "tests": [],
      "suites": [
        {
          "uuid": "0376e3a2-5793-4b4a-90a3-e21e38401dc1",
          "title": "2 - Crie um filtro de texto para a tabela",
          "fullFile": "",
          "file": "",
          "beforeHooks": [],
          "afterHooks": [],
          "tests": [
            {
              "title": "Filtre os planetas que possuem a letra \"o\" no nome",
              "fullTitle": "2 - Crie um filtro de texto para a tabela Filtre os planetas que possuem a letra \"o\" no nome",
              "timedOut": null,
              "duration": 677,
              "state": "passed",
              "speed": "fast",
              "pass": true,
              "fail": false,
              "pending": false,
              "context": null,
              "code": "cy.getByTestId(_dataTestIds.INPUT_FILTER_NAME).type('o');\ncy.get('table tr').should('have.length', ROWS_WITH_LETTER_O);\nconst planetNames = ['Coruscant', 'Dagobah', 'Endor', 'Hoth', 'Kamino', 'Naboo', 'Tatooine'];\nplanetNames.forEach(planet => {\n  cy.contains(planet);\n});",
              "err": {},
              "uuid": "eae37e05-dd76-43b0-b3c9-d1e8f7771b23",
              "parentUUID": "0376e3a2-5793-4b4a-90a3-e21e38401dc1",
              "isHook": false,
              "skipped": false
            },
            {
              "title": "Filtre planetas que possuem a letra \"oo\" no nome",
              "fullTitle": "2 - Crie um filtro de texto para a tabela Filtre planetas que possuem a letra \"oo\" no nome",
              "timedOut": null,
              "duration": 280,
              "state": "passed",
              "speed": "fast",
              "pass": true,
              "fail": false,
              "pending": false,
              "context": null,
              "code": "cy.getByTestId(_dataTestIds.INPUT_FILTER_NAME).type('oo');\ncy.get('table tr').should('have.length', ROWS_WITH_LETTER_OO);\ncy.contains('Naboo');\ncy.contains('Tatooine');",
              "err": {},
              "uuid": "0dbe5c24-bfd4-45ac-bb87-645cacf55b3c",
              "parentUUID": "0376e3a2-5793-4b4a-90a3-e21e38401dc1",
              "isHook": false,
              "skipped": false
            },
            {
              "title": "Faça vários filtros em sequência",
              "fullTitle": "2 - Crie um filtro de texto para a tabela Faça vários filtros em sequência",
              "timedOut": null,
              "duration": 507,
              "state": "passed",
              "speed": "fast",
              "pass": true,
              "fail": false,
              "pending": false,
              "context": null,
              "code": "cy.getByTestId(_dataTestIds.INPUT_FILTER_NAME).type('o');\ncy.get('table tr').should('have.length', ROWS_WITH_LETTER_O);\nconst planetNames = ['Coruscant', 'Dagobah', 'Endor', 'Hoth', 'Kamino', 'Naboo', 'Tatooine'];\nplanetNames.forEach(planet => {\n  cy.contains(planet);\n});\ncy.getByTestId(_dataTestIds.INPUT_FILTER_NAME).type('o');\ncy.get('table tr').should('have.length', ROWS_WITH_LETTER_OO);\ncy.contains('Naboo');\ncy.contains('Tatooine');\ncy.getByTestId(_dataTestIds.INPUT_FILTER_NAME).clear();\ncy.get('table tr').should('have.length', ROWS_TOTAL);\nplanets.forEach(({\n  name\n}) => {\n  cy.contains(name);\n});",
              "err": {},
              "uuid": "4e61156f-6f5c-4c1c-9e47-8ddb8167031f",
              "parentUUID": "0376e3a2-5793-4b4a-90a3-e21e38401dc1",
              "isHook": false,
              "skipped": false
            }
          ],
          "suites": [],
          "passes": [
            "eae37e05-dd76-43b0-b3c9-d1e8f7771b23",
            "0dbe5c24-bfd4-45ac-bb87-645cacf55b3c",
            "4e61156f-6f5c-4c1c-9e47-8ddb8167031f"
          ],
          "failures": [],
          "pending": [],
          "skipped": [],
          "duration": 1464,
          "root": false,
          "rootEmpty": false,
          "_timeout": 2000
        }
      ],
      "passes": [],
      "failures": [],
      "pending": [],
      "skipped": [],
      "duration": 0,
      "root": true,
      "rootEmpty": true,
      "_timeout": 2000
    }
  ],
  "meta": {
    "mocha": {
      "version": "7.0.1"
    },
    "mochawesome": {
      "options": {
        "quiet": false,
        "reportFilename": "mochawesome",
        "saveHtml": false,
        "saveJson": true,
        "consoleReporter": "spec",
        "useInlineDiffs": false,
        "code": true
      },
      "version": "7.1.3"
    },
    "marge": {
      "options": {
        "id": "default",
        "reportDir": "cypress/reports",
        "overwrite": false,
        "html": false,
        "json": true
      },
      "version": "6.2.0"
    }
  }
}