{
  "stats": {
    "suites": 1,
    "tests": 4,
    "passes": 0,
    "pending": 0,
    "failures": 4,
    "start": "2022-08-08T19:19:42.504Z",
    "end": "2022-08-08T19:19:44.595Z",
    "duration": 2091,
    "testsRegistered": 4,
    "passPercent": 0,
    "pendingPercent": 0,
    "other": 0,
    "hasOther": false,
    "skipped": 0,
    "hasSkipped": false
  },
  "results": [
    {
      "uuid": "3bc96a38-50dc-4d9f-9ae1-649f70320078",
      "title": "",
      "fullFile": "cypress/integration/05.testCoverage50_spec.js",
      "file": "cypress/integration/05.testCoverage50_spec.js",
      "beforeHooks": [],
      "afterHooks": [],
      "tests": [],
      "suites": [
        {
          "uuid": "c2b80c5d-f471-42a3-bd55-6f20c1603c4e",
          "title": "5 - Desenvolva testes para atingir 50% de cobertura total da aplicação",
          "fullFile": "",
          "file": "",
          "beforeHooks": [],
          "afterHooks": [],
          "tests": [
            {
              "title": "Cobertura de \"Statements\" total deverá ser maior ou igual a 50.",
              "fullTitle": "5 - Desenvolva testes para atingir 50% de cobertura total da aplicação Cobertura de \"Statements\" total deverá ser maior ou igual a 50.",
              "timedOut": null,
              "duration": 1893,
              "state": "failed",
              "speed": null,
              "pass": false,
              "fail": true,
              "pending": false,
              "context": null,
              "code": "cy.task('getCoverage', (0, _getId.getId)()).its('total.statements.pct', {\n  timeout: 0\n}).should('be.gte', 50.00);",
              "err": {
                "message": "AssertionError: Timed out retrying after 0ms: expected 36.36 to be at least 50",
                "estack": "AssertionError: Timed out retrying after 0ms: expected 36.36 to be at least 50\n    at Context.eval (http://localhost:40967/__cypress/tests?p=cypress/integration/05.testCoverage50_spec.js:105:8)",
                "diff": "- 36.36\n+ 50\n"
              },
              "uuid": "d2e204d1-4e5a-4052-9fc6-1422ee4dabca",
              "parentUUID": "c2b80c5d-f471-42a3-bd55-6f20c1603c4e",
              "isHook": false,
              "skipped": false
            },
            {
              "title": "Cobertura de \"Functions\" total deverá ser maior ou igual a 50.",
              "fullTitle": "5 - Desenvolva testes para atingir 50% de cobertura total da aplicação Cobertura de \"Functions\" total deverá ser maior ou igual a 50.",
              "timedOut": null,
              "duration": 31,
              "state": "failed",
              "speed": null,
              "pass": false,
              "fail": true,
              "pending": false,
              "context": null,
              "code": "cy.task('getCoverage', (0, _getId.getId)()).its('total.functions.pct', {\n  timeout: 0\n}).should('be.gte', 50.00);",
              "err": {
                "message": "AssertionError: Timed out retrying after 0ms: expected 25 to be at least 50",
                "estack": "AssertionError: Timed out retrying after 0ms: expected 25 to be at least 50\n    at Context.eval (http://localhost:40967/__cypress/tests?p=cypress/integration/05.testCoverage50_spec.js:110:8)",
                "diff": "- 25\n+ 50\n"
              },
              "uuid": "279c9d2a-d75b-4453-8023-1ea38d66c62f",
              "parentUUID": "c2b80c5d-f471-42a3-bd55-6f20c1603c4e",
              "isHook": false,
              "skipped": false
            },
            {
              "title": "Cobertura de \"Branches\" total deverá ser maior ou igual a 50.",
              "fullTitle": "5 - Desenvolva testes para atingir 50% de cobertura total da aplicação Cobertura de \"Branches\" total deverá ser maior ou igual a 50.",
              "timedOut": null,
              "duration": 28,
              "state": "failed",
              "speed": null,
              "pass": false,
              "fail": true,
              "pending": false,
              "context": null,
              "code": "cy.task('getCoverage', (0, _getId.getId)()).its('total.branches.pct', {\n  timeout: 0\n}).should('be.gte', 50.00);",
              "err": {
                "message": "AssertionError: Timed out retrying after 0ms: expected 0 to be at least 50",
                "estack": "AssertionError: Timed out retrying after 0ms: expected 0 to be at least 50\n    at Context.eval (http://localhost:40967/__cypress/tests?p=cypress/integration/05.testCoverage50_spec.js:115:8)",
                "diff": null
              },
              "uuid": "c9e5d2c9-db07-4f45-b690-4a6d6795a46e",
              "parentUUID": "c2b80c5d-f471-42a3-bd55-6f20c1603c4e",
              "isHook": false,
              "skipped": false
            },
            {
              "title": "Cobertura de \"Lines\" total deverá ser maior ou igual a 50.",
              "fullTitle": "5 - Desenvolva testes para atingir 50% de cobertura total da aplicação Cobertura de \"Lines\" total deverá ser maior ou igual a 50.",
              "timedOut": null,
              "duration": 34,
              "state": "failed",
              "speed": null,
              "pass": false,
              "fail": true,
              "pending": false,
              "context": null,
              "code": "cy.task('getCoverage', (0, _getId.getId)()).its('total.lines.pct', {\n  timeout: 0\n}).should('be.gte', 50.00);",
              "err": {
                "message": "AssertionError: Timed out retrying after 0ms: expected 36.36 to be at least 50",
                "estack": "AssertionError: Timed out retrying after 0ms: expected 36.36 to be at least 50\n    at Context.eval (http://localhost:40967/__cypress/tests?p=cypress/integration/05.testCoverage50_spec.js:120:8)",
                "diff": "- 36.36\n+ 50\n"
              },
              "uuid": "fc6da681-c5a8-4da0-8841-06cf8f237878",
              "parentUUID": "c2b80c5d-f471-42a3-bd55-6f20c1603c4e",
              "isHook": false,
              "skipped": false
            }
          ],
          "suites": [],
          "passes": [],
          "failures": [
            "d2e204d1-4e5a-4052-9fc6-1422ee4dabca",
            "279c9d2a-d75b-4453-8023-1ea38d66c62f",
            "c9e5d2c9-db07-4f45-b690-4a6d6795a46e",
            "fc6da681-c5a8-4da0-8841-06cf8f237878"
          ],
          "pending": [],
          "skipped": [],
          "duration": 1986,
          "root": false,
          "rootEmpty": false,
          "_timeout": 2000
        }
      ],
      "passes": [],
      "failures": [],
      "pending": [],
      "skipped": [],
      "duration": 0,
      "root": true,
      "rootEmpty": true,
      "_timeout": 2000
    }
  ],
  "meta": {
    "mocha": {
      "version": "7.0.1"
    },
    "mochawesome": {
      "options": {
        "quiet": false,
        "reportFilename": "mochawesome",
        "saveHtml": false,
        "saveJson": true,
        "consoleReporter": "spec",
        "useInlineDiffs": false,
        "code": true
      },
      "version": "7.1.3"
    },
    "marge": {
      "options": {
        "id": "default",
        "reportDir": "cypress/reports",
        "overwrite": false,
        "html": false,
        "json": true
      },
      "version": "6.2.0"
    }
  }
}