{
  "stats": {
    "suites": 1,
    "tests": 4,
    "passes": 0,
    "pending": 0,
    "failures": 4,
    "start": "2022-08-10T10:33:02.799Z",
    "end": "2022-08-10T10:33:02.977Z",
    "duration": 178,
    "testsRegistered": 4,
    "passPercent": 0,
    "pendingPercent": 0,
    "other": 0,
    "hasOther": false,
    "skipped": 0,
    "hasSkipped": false
  },
  "results": [
    {
      "uuid": "7a190967-2dc9-4ede-a90f-495d2086ea19",
      "title": "",
      "fullFile": "cypress/integration/08.testCoverage90_spec.js",
      "file": "cypress/integration/08.testCoverage90_spec.js",
      "beforeHooks": [],
      "afterHooks": [],
      "tests": [],
      "suites": [
        {
          "uuid": "8b6dddc1-245e-4759-8ce8-a97b979c2433",
          "title": "8 - Desenvolva testes para atingir 90% de cobertura total da aplicação",
          "fullFile": "",
          "file": "",
          "beforeHooks": [],
          "afterHooks": [],
          "tests": [
            {
              "title": "Cobertura de \"Statements\" total deverá ser maior ou igual a 90.",
              "fullTitle": "8 - Desenvolva testes para atingir 90% de cobertura total da aplicação Cobertura de \"Statements\" total deverá ser maior ou igual a 90.",
              "timedOut": null,
              "duration": 33,
              "state": "failed",
              "speed": null,
              "pass": false,
              "fail": true,
              "pending": false,
              "context": null,
              "code": "cy.task('getCoverage', (0, _getId.getId)()).its('total.statements.pct', {\n  timeout: 0\n}).should('be.gte', 90.00);",
              "err": {
                "message": "AssertionError: Timed out retrying after 0ms: expected 52 to be at least 90",
                "estack": "AssertionError: Timed out retrying after 0ms: expected 52 to be at least 90\n    at Context.eval (http://localhost:44963/__cypress/tests?p=cypress/integration/08.testCoverage90_spec.js:105:8)",
                "diff": "- 52\n+ 90\n"
              },
              "uuid": "8755e8f9-3d27-4f29-a891-fef1ee0261be",
              "parentUUID": "8b6dddc1-245e-4759-8ce8-a97b979c2433",
              "isHook": false,
              "skipped": false
            },
            {
              "title": "Cobertura de \"Functions\" total deverá ser maior ou igual a 90.",
              "fullTitle": "8 - Desenvolva testes para atingir 90% de cobertura total da aplicação Cobertura de \"Functions\" total deverá ser maior ou igual a 90.",
              "timedOut": null,
              "duration": 19,
              "state": "failed",
              "speed": null,
              "pass": false,
              "fail": true,
              "pending": false,
              "context": null,
              "code": "cy.task('getCoverage', (0, _getId.getId)()).its('total.functions.pct', {\n  timeout: 0\n}).should('be.gte', 90.00);",
              "err": {
                "message": "AssertionError: Timed out retrying after 0ms: expected 43.75 to be at least 90",
                "estack": "AssertionError: Timed out retrying after 0ms: expected 43.75 to be at least 90\n    at Context.eval (http://localhost:44963/__cypress/tests?p=cypress/integration/08.testCoverage90_spec.js:110:8)",
                "diff": "- 43.75\n+ 90\n"
              },
              "uuid": "d113fb1f-bb88-40fc-ba7c-b84c40d642f7",
              "parentUUID": "8b6dddc1-245e-4759-8ce8-a97b979c2433",
              "isHook": false,
              "skipped": false
            },
            {
              "title": "Cobertura de \"Branches\" total deverá ser maior ou igual a 90.",
              "fullTitle": "8 - Desenvolva testes para atingir 90% de cobertura total da aplicação Cobertura de \"Branches\" total deverá ser maior ou igual a 90.",
              "timedOut": null,
              "duration": 16,
              "state": "failed",
              "speed": null,
              "pass": false,
              "fail": true,
              "pending": false,
              "context": null,
              "code": "cy.task('getCoverage', (0, _getId.getId)()).its('total.branches.pct', {\n  timeout: 0\n}).should('be.gte', 90.00);",
              "err": {
                "message": "AssertionError: Timed out retrying after 0ms: expected 11.11 to be at least 90",
                "estack": "AssertionError: Timed out retrying after 0ms: expected 11.11 to be at least 90\n    at Context.eval (http://localhost:44963/__cypress/tests?p=cypress/integration/08.testCoverage90_spec.js:115:8)",
                "diff": "- 11.11\n+ 90\n"
              },
              "uuid": "e3fc4320-99d6-4d77-85af-e370b7bdc3df",
              "parentUUID": "8b6dddc1-245e-4759-8ce8-a97b979c2433",
              "isHook": false,
              "skipped": false
            },
            {
              "title": "Cobertura de \"Lines\" total deverá ser maior ou igual a 90.",
              "fullTitle": "8 - Desenvolva testes para atingir 90% de cobertura total da aplicação Cobertura de \"Lines\" total deverá ser maior ou igual a 90.",
              "timedOut": null,
              "duration": 17,
              "state": "failed",
              "speed": null,
              "pass": false,
              "fail": true,
              "pending": false,
              "context": null,
              "code": "cy.task('getCoverage', (0, _getId.getId)()).its('total.lines.pct', {\n  timeout: 0\n}).should('be.gte', 90.00);",
              "err": {
                "message": "AssertionError: Timed out retrying after 0ms: expected 52 to be at least 90",
                "estack": "AssertionError: Timed out retrying after 0ms: expected 52 to be at least 90\n    at Context.eval (http://localhost:44963/__cypress/tests?p=cypress/integration/08.testCoverage90_spec.js:120:8)",
                "diff": "- 52\n+ 90\n"
              },
              "uuid": "c54176b0-b3c0-4682-84e5-d93a7c4d6167",
              "parentUUID": "8b6dddc1-245e-4759-8ce8-a97b979c2433",
              "isHook": false,
              "skipped": false
            }
          ],
          "suites": [],
          "passes": [],
          "failures": [
            "8755e8f9-3d27-4f29-a891-fef1ee0261be",
            "d113fb1f-bb88-40fc-ba7c-b84c40d642f7",
            "e3fc4320-99d6-4d77-85af-e370b7bdc3df",
            "c54176b0-b3c0-4682-84e5-d93a7c4d6167"
          ],
          "pending": [],
          "skipped": [],
          "duration": 85,
          "root": false,
          "rootEmpty": false,
          "_timeout": 2000
        }
      ],
      "passes": [],
      "failures": [],
      "pending": [],
      "skipped": [],
      "duration": 0,
      "root": true,
      "rootEmpty": true,
      "_timeout": 2000
    }
  ],
  "meta": {
    "mocha": {
      "version": "7.0.1"
    },
    "mochawesome": {
      "options": {
        "quiet": false,
        "reportFilename": "mochawesome",
        "saveHtml": false,
        "saveJson": true,
        "consoleReporter": "spec",
        "useInlineDiffs": false,
        "code": true
      },
      "version": "7.1.3"
    },
    "marge": {
      "options": {
        "id": "default",
        "reportDir": "cypress/reports",
        "overwrite": false,
        "html": false,
        "json": true
      },
      "version": "6.2.0"
    }
  }
}