{
  "stats": {
    "suites": 1,
    "tests": 1,
    "passes": 0,
    "pending": 0,
    "failures": 1,
    "start": "2022-08-06T13:45:26.146Z",
    "end": "2022-08-06T13:45:56.321Z",
    "duration": 30175,
    "testsRegistered": 1,
    "passPercent": 0,
    "pendingPercent": 0,
    "other": 0,
    "hasOther": false,
    "skipped": 0,
    "hasSkipped": false
  },
  "results": [
    {
      "uuid": "69fd5b2c-d400-47a9-9038-196a92f43d39",
      "title": "",
      "fullFile": "cypress/integration/06.repeatedFilters_spec.js",
      "file": "cypress/integration/06.repeatedFilters_spec.js",
      "beforeHooks": [],
      "afterHooks": [],
      "tests": [],
      "suites": [
        {
          "uuid": "8a6438b3-0766-440d-ab51-2111b68f35d5",
          "title": "6 - Não utilize filtros repetidos",
          "fullFile": "",
          "file": "",
          "beforeHooks": [],
          "afterHooks": [],
          "tests": [
            {
              "title": "Filtre por população e o remove das opções",
              "fullTitle": "6 - Não utilize filtros repetidos Filtre por população e o remove das opções",
              "timedOut": null,
              "duration": 30119,
              "state": "failed",
              "speed": null,
              "pass": false,
              "fail": true,
              "pending": false,
              "context": null,
              "code": "const allColumnsOptions = ['population', 'orbital_period', 'diameter', 'rotation_period', 'surface_water'];\ncy.getByTestId(_dataTestIds.COLUMN_FILTER).find('option').should(options => {\n  expect(options).to.have.length(allColumnsOptions.length);\n  allColumnsOptions.forEach(option => {\n    expect(options).to.contain(option);\n  });\n});\ncy.addFilter('population', 'maior que', '8000');\ncy.get('table tr').should('have.length', FILTERED_ROWS_COUNT);\ncy.getByTestId(_dataTestIds.COLUMN_FILTER).find('option').should(options => {\n  expect(options).to.have.length(allColumnsOptions.length - 1);\n  expect(options).to.not.contain('population');\n});",
              "err": {
                "message": "CypressError: `cy.visit()` failed trying to load:\n\nhttp://localhost:3000/\n\nWe attempted to make an http request to this URL but the request failed without a response.\n\nWe received this error at the network level:\n\n  > Error: ESOCKETTIMEDOUT\n\nCommon situations why this would fail:\n  - you don't have internet access\n  - you forgot to run / boot your web server\n  - your web server isn't accessible\n  - you have weird network configuration settings on your computer\n\nBecause this error occurred during a `before each` hook we are skipping the remaining tests in the current suite: `6 - Não utilize filtros rep...`",
                "estack": "CypressError: `cy.visit()` failed trying to load:\n\nhttp://localhost:3000/\n\nWe attempted to make an http request to this URL but the request failed without a response.\n\nWe received this error at the network level:\n\n  > Error: ESOCKETTIMEDOUT\n\nCommon situations why this would fail:\n  - you don't have internet access\n  - you forgot to run / boot your web server\n  - your web server isn't accessible\n  - you have weird network configuration settings on your computer\n\nBecause this error occurred during a `before each` hook we are skipping the remaining tests in the current suite: `6 - Não utilize filtros rep...`\n    at http://localhost:39719/__cypress/runner/cypress_runner.js:163608:82\n    at visitFailedByErr (http://localhost:39719/__cypress/runner/cypress_runner.js:162912:12)\n    at http://localhost:39719/__cypress/runner/cypress_runner.js:163607:11\n    at tryCatcher (http://localhost:39719/__cypress/runner/cypress_runner.js:13022:23)\n    at Promise._settlePromiseFromHandler (http://localhost:39719/__cypress/runner/cypress_runner.js:10957:31)\n    at Promise._settlePromise (http://localhost:39719/__cypress/runner/cypress_runner.js:11014:18)\n    at Promise._settlePromise0 (http://localhost:39719/__cypress/runner/cypress_runner.js:11059:10)\n    at Promise._settlePromises (http://localhost:39719/__cypress/runner/cypress_runner.js:11135:18)\n    at _drainQueueStep (http://localhost:39719/__cypress/runner/cypress_runner.js:7729:12)\n    at _drainQueue (http://localhost:39719/__cypress/runner/cypress_runner.js:7722:9)\n    at Async.../../node_modules/bluebird/js/release/async.js.Async._drainQueues (http://localhost:39719/__cypress/runner/cypress_runner.js:7738:5)\n    at Async.drainQueues (http://localhost:39719/__cypress/runner/cypress_runner.js:7608:14)\nFrom Your Spec Code:\n    at Context.eval (http://localhost:39719/__cypress/tests?p=cypress/integration/06.repeatedFilters_spec.js:127:8)\n\nFrom Node.js Internals:\n  Error: ESOCKETTIMEDOUT\n      at ClientRequest.<anonymous> (/home/myrella/.cache/Cypress/9.7.0/Cypress/resources/app/node_modules/@cypress/request/request.js:808:19)\n      at Object.onceWrapper (node:events:509:28)\n      at ClientRequest.emit (node:events:390:28)\n      at Socket.emitRequestTimeout (node:_http_client:763:9)\n      at Object.onceWrapper (node:events:509:28)\n      at Socket.emit (node:events:402:35)\n      at Socket._onTimeout (node:net:501:8)\n      at listOnTimeout (node:internal/timers:557:17)\n      at processTimers (node:internal/timers:500:7)\n  ",
                "diff": null
              },
              "uuid": "071ec3aa-980b-4322-abb0-df3a25a8cf07",
              "parentUUID": "8a6438b3-0766-440d-ab51-2111b68f35d5",
              "isHook": false,
              "skipped": false
            }
          ],
          "suites": [],
          "passes": [],
          "failures": [
            "071ec3aa-980b-4322-abb0-df3a25a8cf07"
          ],
          "pending": [],
          "skipped": [],
          "duration": 30119,
          "root": false,
          "rootEmpty": false,
          "_timeout": 2000
        }
      ],
      "passes": [],
      "failures": [],
      "pending": [],
      "skipped": [],
      "duration": 0,
      "root": true,
      "rootEmpty": true,
      "_timeout": 2000
    }
  ],
  "meta": {
    "mocha": {
      "version": "7.0.1"
    },
    "mochawesome": {
      "options": {
        "quiet": false,
        "reportFilename": "mochawesome",
        "saveHtml": false,
        "saveJson": true,
        "consoleReporter": "spec",
        "useInlineDiffs": false,
        "code": true
      },
      "version": "7.1.3"
    },
    "marge": {
      "options": {
        "id": "default",
        "reportDir": "cypress/reports",
        "overwrite": false,
        "html": false,
        "json": true
      },
      "version": "6.2.0"
    }
  }
}