{
  "stats": {
    "suites": 1,
    "tests": 4,
    "passes": 0,
    "pending": 0,
    "failures": 4,
    "start": "2022-08-10T20:24:40.127Z",
    "end": "2022-08-10T20:24:42.697Z",
    "duration": 2570,
    "testsRegistered": 4,
    "passPercent": 0,
    "pendingPercent": 0,
    "other": 0,
    "hasOther": false,
    "skipped": 0,
    "hasSkipped": false
  },
  "results": [
    {
      "uuid": "785166cd-55ea-4841-9afa-11ce31093ed7",
      "title": "",
      "fullFile": "cypress/integration/05.testCoverage50_spec.js",
      "file": "cypress/integration/05.testCoverage50_spec.js",
      "beforeHooks": [],
      "afterHooks": [],
      "tests": [],
      "suites": [
        {
          "uuid": "38562168-e54b-4683-870f-ddf656c9fac4",
          "title": "5 - Desenvolva testes para atingir 50% de cobertura total da aplicação",
          "fullFile": "",
          "file": "",
          "beforeHooks": [],
          "afterHooks": [],
          "tests": [
            {
              "title": "Cobertura de \"Statements\" total deverá ser maior ou igual a 50.",
              "fullTitle": "5 - Desenvolva testes para atingir 50% de cobertura total da aplicação Cobertura de \"Statements\" total deverá ser maior ou igual a 50.",
              "timedOut": null,
              "duration": 2387,
              "state": "failed",
              "speed": null,
              "pass": false,
              "fail": true,
              "pending": false,
              "context": null,
              "code": "cy.task('getCoverage', (0, _getId.getId)()).its('total.statements.pct', {\n  timeout: 0\n}).should('be.gte', 50.00);",
              "err": {
                "message": "AssertionError: Timed out retrying after 0ms: expected 30.5 to be at least 50",
                "estack": "AssertionError: Timed out retrying after 0ms: expected 30.5 to be at least 50\n    at Context.eval (http://localhost:46557/__cypress/tests?p=cypress/integration/05.testCoverage50_spec.js:105:8)",
                "diff": "- 30.5\n+ 50\n"
              },
              "uuid": "7f21ee13-be08-48d3-b820-e3186d58097f",
              "parentUUID": "38562168-e54b-4683-870f-ddf656c9fac4",
              "isHook": false,
              "skipped": false
            },
            {
              "title": "Cobertura de \"Functions\" total deverá ser maior ou igual a 50.",
              "fullTitle": "5 - Desenvolva testes para atingir 50% de cobertura total da aplicação Cobertura de \"Functions\" total deverá ser maior ou igual a 50.",
              "timedOut": null,
              "duration": 26,
              "state": "failed",
              "speed": null,
              "pass": false,
              "fail": true,
              "pending": false,
              "context": null,
              "code": "cy.task('getCoverage', (0, _getId.getId)()).its('total.functions.pct', {\n  timeout: 0\n}).should('be.gte', 50.00);",
              "err": {
                "message": "AssertionError: Timed out retrying after 0ms: expected 9.52 to be at least 50",
                "estack": "AssertionError: Timed out retrying after 0ms: expected 9.52 to be at least 50\n    at Context.eval (http://localhost:46557/__cypress/tests?p=cypress/integration/05.testCoverage50_spec.js:110:8)",
                "diff": "- 9.52\n+ 50\n"
              },
              "uuid": "7f3b8704-b3b6-4ab9-b09b-962e0e3620d5",
              "parentUUID": "38562168-e54b-4683-870f-ddf656c9fac4",
              "isHook": false,
              "skipped": false
            },
            {
              "title": "Cobertura de \"Branches\" total deverá ser maior ou igual a 50.",
              "fullTitle": "5 - Desenvolva testes para atingir 50% de cobertura total da aplicação Cobertura de \"Branches\" total deverá ser maior ou igual a 50.",
              "timedOut": null,
              "duration": 28,
              "state": "failed",
              "speed": null,
              "pass": false,
              "fail": true,
              "pending": false,
              "context": null,
              "code": "cy.task('getCoverage', (0, _getId.getId)()).its('total.branches.pct', {\n  timeout: 0\n}).should('be.gte', 50.00);",
              "err": {
                "message": "AssertionError: Timed out retrying after 0ms: expected 0 to be at least 50",
                "estack": "AssertionError: Timed out retrying after 0ms: expected 0 to be at least 50\n    at Context.eval (http://localhost:46557/__cypress/tests?p=cypress/integration/05.testCoverage50_spec.js:115:8)",
                "diff": null
              },
              "uuid": "611965cf-084e-44b4-ac40-55c4a9e682e3",
              "parentUUID": "38562168-e54b-4683-870f-ddf656c9fac4",
              "isHook": false,
              "skipped": false
            },
            {
              "title": "Cobertura de \"Lines\" total deverá ser maior ou igual a 50.",
              "fullTitle": "5 - Desenvolva testes para atingir 50% de cobertura total da aplicação Cobertura de \"Lines\" total deverá ser maior ou igual a 50.",
              "timedOut": null,
              "duration": 34,
              "state": "failed",
              "speed": null,
              "pass": false,
              "fail": true,
              "pending": false,
              "context": null,
              "code": "cy.task('getCoverage', (0, _getId.getId)()).its('total.lines.pct', {\n  timeout: 0\n}).should('be.gte', 50.00);",
              "err": {
                "message": "AssertionError: Timed out retrying after 0ms: expected 31.57 to be at least 50",
                "estack": "AssertionError: Timed out retrying after 0ms: expected 31.57 to be at least 50\n    at Context.eval (http://localhost:46557/__cypress/tests?p=cypress/integration/05.testCoverage50_spec.js:120:8)",
                "diff": "- 31.57\n+ 50\n"
              },
              "uuid": "ff296d87-bced-401d-a6f7-da9de0c2b163",
              "parentUUID": "38562168-e54b-4683-870f-ddf656c9fac4",
              "isHook": false,
              "skipped": false
            }
          ],
          "suites": [],
          "passes": [],
          "failures": [
            "7f21ee13-be08-48d3-b820-e3186d58097f",
            "7f3b8704-b3b6-4ab9-b09b-962e0e3620d5",
            "611965cf-084e-44b4-ac40-55c4a9e682e3",
            "ff296d87-bced-401d-a6f7-da9de0c2b163"
          ],
          "pending": [],
          "skipped": [],
          "duration": 2475,
          "root": false,
          "rootEmpty": false,
          "_timeout": 2000
        }
      ],
      "passes": [],
      "failures": [],
      "pending": [],
      "skipped": [],
      "duration": 0,
      "root": true,
      "rootEmpty": true,
      "_timeout": 2000
    }
  ],
  "meta": {
    "mocha": {
      "version": "7.0.1"
    },
    "mochawesome": {
      "options": {
        "quiet": false,
        "reportFilename": "mochawesome",
        "saveHtml": false,
        "saveJson": true,
        "consoleReporter": "spec",
        "useInlineDiffs": false,
        "code": true
      },
      "version": "7.1.3"
    },
    "marge": {
      "options": {
        "id": "default",
        "reportDir": "cypress/reports",
        "overwrite": false,
        "html": false,
        "json": true
      },
      "version": "6.2.0"
    }
  }
}