{
  "stats": {
    "suites": 1,
    "tests": 4,
    "passes": 4,
    "pending": 0,
    "failures": 0,
    "start": "2022-08-09T19:44:25.322Z",
    "end": "2022-08-09T19:44:27.576Z",
    "duration": 2254,
    "testsRegistered": 4,
    "passPercent": 100,
    "pendingPercent": 0,
    "other": 0,
    "hasOther": false,
    "skipped": 0,
    "hasSkipped": false
  },
  "results": [
    {
      "uuid": "c852feea-11ad-4812-9c8d-b7fa9c3907f7",
      "title": "",
      "fullFile": "cypress/integration/05.testCoverage50_spec.js",
      "file": "cypress/integration/05.testCoverage50_spec.js",
      "beforeHooks": [],
      "afterHooks": [],
      "tests": [],
      "suites": [
        {
          "uuid": "df4d1242-fa9a-4e62-a0af-ff943a21374c",
          "title": "5 - Desenvolva testes para atingir 50% de cobertura total da aplicação",
          "fullFile": "",
          "file": "",
          "beforeHooks": [],
          "afterHooks": [],
          "tests": [
            {
              "title": "Cobertura de \"Statements\" total deverá ser maior ou igual a 50.",
              "fullTitle": "5 - Desenvolva testes para atingir 50% de cobertura total da aplicação Cobertura de \"Statements\" total deverá ser maior ou igual a 50.",
              "timedOut": null,
              "duration": 2185,
              "state": "passed",
              "speed": "fast",
              "pass": true,
              "fail": false,
              "pending": false,
              "context": null,
              "code": "cy.task('getCoverage', (0, _getId.getId)()).its('total.statements.pct', {\n  timeout: 0\n}).should('be.gte', 50.00);",
              "err": {},
              "uuid": "48e96a1d-9662-487f-b685-16cda0d5c001",
              "parentUUID": "df4d1242-fa9a-4e62-a0af-ff943a21374c",
              "isHook": false,
              "skipped": false
            },
            {
              "title": "Cobertura de \"Functions\" total deverá ser maior ou igual a 50.",
              "fullTitle": "5 - Desenvolva testes para atingir 50% de cobertura total da aplicação Cobertura de \"Functions\" total deverá ser maior ou igual a 50.",
              "timedOut": null,
              "duration": 18,
              "state": "passed",
              "speed": "fast",
              "pass": true,
              "fail": false,
              "pending": false,
              "context": null,
              "code": "cy.task('getCoverage', (0, _getId.getId)()).its('total.functions.pct', {\n  timeout: 0\n}).should('be.gte', 50.00);",
              "err": {},
              "uuid": "df237269-6b87-4fc1-96f0-1d220195bc23",
              "parentUUID": "df4d1242-fa9a-4e62-a0af-ff943a21374c",
              "isHook": false,
              "skipped": false
            },
            {
              "title": "Cobertura de \"Branches\" total deverá ser maior ou igual a 50.",
              "fullTitle": "5 - Desenvolva testes para atingir 50% de cobertura total da aplicação Cobertura de \"Branches\" total deverá ser maior ou igual a 50.",
              "timedOut": null,
              "duration": 14,
              "state": "passed",
              "speed": "fast",
              "pass": true,
              "fail": false,
              "pending": false,
              "context": null,
              "code": "cy.task('getCoverage', (0, _getId.getId)()).its('total.branches.pct', {\n  timeout: 0\n}).should('be.gte', 50.00);",
              "err": {},
              "uuid": "6853b7c5-e624-4c2b-aafe-f427b4c21ca1",
              "parentUUID": "df4d1242-fa9a-4e62-a0af-ff943a21374c",
              "isHook": false,
              "skipped": false
            },
            {
              "title": "Cobertura de \"Lines\" total deverá ser maior ou igual a 50.",
              "fullTitle": "5 - Desenvolva testes para atingir 50% de cobertura total da aplicação Cobertura de \"Lines\" total deverá ser maior ou igual a 50.",
              "timedOut": null,
              "duration": 17,
              "state": "passed",
              "speed": "fast",
              "pass": true,
              "fail": false,
              "pending": false,
              "context": null,
              "code": "cy.task('getCoverage', (0, _getId.getId)()).its('total.lines.pct', {\n  timeout: 0\n}).should('be.gte', 50.00);",
              "err": {},
              "uuid": "4d4f4449-af42-4ac6-b07c-07e122b086a5",
              "parentUUID": "df4d1242-fa9a-4e62-a0af-ff943a21374c",
              "isHook": false,
              "skipped": false
            }
          ],
          "suites": [],
          "passes": [
            "48e96a1d-9662-487f-b685-16cda0d5c001",
            "df237269-6b87-4fc1-96f0-1d220195bc23",
            "6853b7c5-e624-4c2b-aafe-f427b4c21ca1",
            "4d4f4449-af42-4ac6-b07c-07e122b086a5"
          ],
          "failures": [],
          "pending": [],
          "skipped": [],
          "duration": 2234,
          "root": false,
          "rootEmpty": false,
          "_timeout": 2000
        }
      ],
      "passes": [],
      "failures": [],
      "pending": [],
      "skipped": [],
      "duration": 0,
      "root": true,
      "rootEmpty": true,
      "_timeout": 2000
    }
  ],
  "meta": {
    "mocha": {
      "version": "7.0.1"
    },
    "mochawesome": {
      "options": {
        "quiet": false,
        "reportFilename": "mochawesome",
        "saveHtml": false,
        "saveJson": true,
        "consoleReporter": "spec",
        "useInlineDiffs": false,
        "code": true
      },
      "version": "7.1.3"
    },
    "marge": {
      "options": {
        "id": "default",
        "reportDir": "cypress/reports",
        "overwrite": false,
        "html": false,
        "json": true
      },
      "version": "6.2.0"
    }
  }
}