{
  "stats": {
    "suites": 1,
    "tests": 4,
    "passes": 4,
    "pending": 0,
    "failures": 0,
    "start": "2022-08-11T01:19:37.729Z",
    "end": "2022-08-11T01:19:40.242Z",
    "duration": 2513,
    "testsRegistered": 4,
    "passPercent": 100,
    "pendingPercent": 0,
    "other": 0,
    "hasOther": false,
    "skipped": 0,
    "hasSkipped": false
  },
  "results": [
    {
      "uuid": "07940b6b-9ec1-4a9d-b707-2274f7f2a5a8",
      "title": "",
      "fullFile": "cypress/integration/09.sortPlanets_spec.js",
      "file": "cypress/integration/09.sortPlanets_spec.js",
      "beforeHooks": [],
      "afterHooks": [],
      "tests": [],
      "suites": [
        {
          "uuid": "6baab3f7-c8c4-4981-9afa-59805a998da7",
          "title": "9 - Ordene as colunas de forma ascendente ou descendente",
          "fullFile": "",
          "file": "",
          "beforeHooks": [],
          "afterHooks": [],
          "tests": [
            {
              "title": "Verifique a ordenação inicial",
              "fullTitle": "9 - Ordene as colunas de forma ascendente ou descendente Verifique a ordenação inicial",
              "timedOut": null,
              "duration": 322,
              "state": "passed",
              "speed": "fast",
              "pass": true,
              "fail": false,
              "pending": false,
              "context": null,
              "code": "const expectedPlanets = ['Alderaan', 'Bespin', 'Coruscant', 'Dagobah', 'Endor', 'Hoth', 'Kamino', 'Naboo', 'Tatooine', 'Yavin IV'];\ncy.getByTestId(_dataTestIds.PLANET_NAME).each((el, index) => {\n  expect(el).to.contain(expectedPlanets[index]);\n});",
              "err": {},
              "uuid": "321f1ae2-0710-45b5-9ea8-753b64f4c5a7",
              "parentUUID": "6baab3f7-c8c4-4981-9afa-59805a998da7",
              "isHook": false,
              "skipped": false
            },
            {
              "title": "Ordene os planetas do maior período orbital para o menor período orbital",
              "fullTitle": "9 - Ordene as colunas de forma ascendente ou descendente Ordene os planetas do maior período orbital para o menor período orbital",
              "timedOut": null,
              "duration": 472,
              "state": "passed",
              "speed": "fast",
              "pass": true,
              "fail": false,
              "pending": false,
              "context": null,
              "code": "sortByColumn('orbital_period', 'desc');\nconst expectedPlanets = ['Bespin', 'Yavin IV', 'Hoth', 'Kamino', 'Endor', 'Coruscant', 'Alderaan', 'Dagobah', 'Naboo', 'Tatooine'];\ncy.getByTestId(_dataTestIds.PLANET_NAME).each((el, index) => {\n  expect(el).to.contain(expectedPlanets[index]);\n});",
              "err": {},
              "uuid": "028171f5-8382-4fc8-94bf-e907bf7faaef",
              "parentUUID": "6baab3f7-c8c4-4981-9afa-59805a998da7",
              "isHook": false,
              "skipped": false
            },
            {
              "title": "Ordene os planetas do menor diâmetro para o maior diâmetro",
              "fullTitle": "9 - Ordene as colunas de forma ascendente ou descendente Ordene os planetas do menor diâmetro para o maior diâmetro",
              "timedOut": null,
              "duration": 457,
              "state": "passed",
              "speed": "fast",
              "pass": true,
              "fail": false,
              "pending": false,
              "context": null,
              "code": "sortByColumn('diameter', 'asc');\nconst expectedPlanets = ['Endor', 'Hoth', 'Dagobah', 'Yavin IV', 'Tatooine', 'Naboo', 'Coruscant', 'Alderaan', 'Kamino', 'Bespin'];\ncy.getByTestId(_dataTestIds.PLANET_NAME).each((el, index) => {\n  expect(el).to.contain(expectedPlanets[index]);\n});",
              "err": {},
              "uuid": "a3016270-4ad7-4d4a-b63b-717e61c5a068",
              "parentUUID": "6baab3f7-c8c4-4981-9afa-59805a998da7",
              "isHook": false,
              "skipped": false
            },
            {
              "title": "Ordene os planetas do menos populoso para o mais populoso",
              "fullTitle": "9 - Ordene as colunas de forma ascendente ou descendente Ordene os planetas do menos populoso para o mais populoso",
              "timedOut": null,
              "duration": 437,
              "state": "passed",
              "speed": "fast",
              "pass": true,
              "fail": false,
              "pending": false,
              "context": null,
              "code": "sortByColumn('population', 'desc');\nconst expectedPlanets = ['Coruscant', 'Naboo', 'Alderaan', 'Kamino', 'Endor', 'Bespin', 'Tatooine', 'Yavin IV'];\nconst expectedPlanetsWithUnknownValues = ['Dagobah', 'Hoth'];\ncy.getByTestId(_dataTestIds.PLANET_NAME).each((el, index) => {\n  if (expectedPlanets[index]) {\n    expect(el).to.contain(expectedPlanets[index]);\n  } else {\n    expect(el.text()).to.be.oneOf(expectedPlanetsWithUnknownValues);\n  }\n});",
              "err": {},
              "uuid": "0c878237-37da-4dc9-a004-5d65a0f599e9",
              "parentUUID": "6baab3f7-c8c4-4981-9afa-59805a998da7",
              "isHook": false,
              "skipped": false
            }
          ],
          "suites": [],
          "passes": [
            "321f1ae2-0710-45b5-9ea8-753b64f4c5a7",
            "028171f5-8382-4fc8-94bf-e907bf7faaef",
            "a3016270-4ad7-4d4a-b63b-717e61c5a068",
            "0c878237-37da-4dc9-a004-5d65a0f599e9"
          ],
          "failures": [],
          "pending": [],
          "skipped": [],
          "duration": 1688,
          "root": false,
          "rootEmpty": false,
          "_timeout": 2000
        }
      ],
      "passes": [],
      "failures": [],
      "pending": [],
      "skipped": [],
      "duration": 0,
      "root": true,
      "rootEmpty": true,
      "_timeout": 2000
    }
  ],
  "meta": {
    "mocha": {
      "version": "7.0.1"
    },
    "mochawesome": {
      "options": {
        "quiet": false,
        "reportFilename": "mochawesome",
        "saveHtml": false,
        "saveJson": true,
        "consoleReporter": "spec",
        "useInlineDiffs": false,
        "code": true
      },
      "version": "7.1.3"
    },
    "marge": {
      "options": {
        "id": "default",
        "reportDir": "cypress/reports",
        "overwrite": false,
        "html": false,
        "json": true
      },
      "version": "6.2.0"
    }
  }
}