{"total": {"lines":{"total":97,"covered":71,"skipped":0,"pct":73.19},"statements":{"total":104,"covered":74,"skipped":0,"pct":71.15},"functions":{"total":36,"covered":25,"skipped":0,"pct":69.44},"branches":{"total":16,"covered":6,"skipped":0,"pct":37.5},"branchesTrue":{"total":0,"covered":0,"skipped":0,"pct":100}}
,"/home/myrella/Área de Trabalho/projetos2/sd-021-b-project-starwars-planets-search/src/App.css": {"lines":{"total":1,"covered":1,"skipped":0,"pct":100},"functions":{"total":0,"covered":0,"skipped":0,"pct":100},"statements":{"total":1,"covered":1,"skipped":0,"pct":100},"branches":{"total":0,"covered":0,"skipped":0,"pct":100}}
,"/home/myrella/Área de Trabalho/projetos2/sd-021-b-project-starwars-planets-search/src/App.js": {"lines":{"total":1,"covered":1,"skipped":0,"pct":100},"functions":{"total":1,"covered":1,"skipped":0,"pct":100},"statements":{"total":1,"covered":1,"skipped":0,"pct":100},"branches":{"total":0,"covered":0,"skipped":0,"pct":100}}
,"/home/myrella/Área de Trabalho/projetos2/sd-021-b-project-starwars-planets-search/src/components/Header.js": {"lines":{"total":5,"covered":4,"skipped":0,"pct":80},"functions":{"total":4,"covered":3,"skipped":0,"pct":75},"statements":{"total":5,"covered":4,"skipped":0,"pct":80},"branches":{"total":0,"covered":0,"skipped":0,"pct":100}}
,"/home/myrella/Área de Trabalho/projetos2/sd-021-b-project-starwars-planets-search/src/components/Search.js": {"lines":{"total":2,"covered":2,"skipped":0,"pct":100},"functions":{"total":1,"covered":1,"skipped":0,"pct":100},"statements":{"total":2,"covered":2,"skipped":0,"pct":100},"branches":{"total":0,"covered":0,"skipped":0,"pct":100}}
,"/home/myrella/Área de Trabalho/projetos2/sd-021-b-project-starwars-planets-search/src/components/Table.js": {"lines":{"total":10,"covered":10,"skipped":0,"pct":100},"functions":{"total":5,"covered":5,"skipped":0,"pct":100},"statements":{"total":10,"covered":10,"skipped":0,"pct":100},"branches":{"total":4,"covered":4,"skipped":0,"pct":100}}
,"/home/myrella/Área de Trabalho/projetos2/sd-021-b-project-starwars-planets-search/src/context/TableContext.js": {"lines":{"total":1,"covered":1,"skipped":0,"pct":100},"functions":{"total":0,"covered":0,"skipped":0,"pct":100},"statements":{"total":1,"covered":1,"skipped":0,"pct":100},"branches":{"total":0,"covered":0,"skipped":0,"pct":100}}
,"/home/myrella/Área de Trabalho/projetos2/sd-021-b-project-starwars-planets-search/src/context/TableProvider.js": {"lines":{"total":77,"covered":52,"skipped":0,"pct":67.53},"functions":{"total":25,"covered":15,"skipped":0,"pct":60},"statements":{"total":84,"covered":55,"skipped":0,"pct":65.47},"branches":{"total":12,"covered":2,"skipped":0,"pct":16.66}}
}
